{"C:\\xampp\\htdocs\\smart-recipe\\index.js": {"path":"C:\\xampp\\htdocs\\smart-recipe\\index.js","statementMap":{"0":{"start":{"line":1,"column":16},"end":{"line":1,"column":34}},"1":{"start":{"line":2,"column":19},"end":{"line":2,"column":41}},"2":{"start":{"line":3,"column":16},"end":{"line":3,"column":39}},"3":{"start":{"line":4,"column":13},"end":{"line":4,"column":37}},"4":{"start":{"line":5,"column":17},"end":{"line":5,"column":36}},"5":{"start":{"line":6,"column":16},"end":{"line":6,"column":42}},"6":{"start":{"line":7,"column":23},"end":{"line":7,"column":59}},"7":{"start":{"line":8,"column":13},"end":{"line":8,"column":28}},"8":{"start":{"line":10,"column":12},"end":{"line":10,"column":21}},"9":{"start":{"line":12,"column":0},"end":{"line":38,"column":30}},"10":{"start":{"line":28,"column":4},"end":{"line":28,"column":54}},"11":{"start":{"line":29,"column":4},"end":{"line":32,"column":6}},"12":{"start":{"line":33,"column":4},"end":{"line":33,"column":54}},"13":{"start":{"line":34,"column":4},"end":{"line":34,"column":92}},"14":{"start":{"line":35,"column":4},"end":{"line":35,"column":11}},"15":{"start":{"line":40,"column":0},"end":{"line":51,"column":2}},"16":{"start":{"line":48,"column":6},"end":{"line":48,"column":33}},"17":{"start":{"line":53,"column":0},"end":{"line":55,"column":3}},"18":{"start":{"line":54,"column":2},"end":{"line":54,"column":19}},"19":{"start":{"line":56,"column":0},"end":{"line":58,"column":3}},"20":{"start":{"line":57,"column":2},"end":{"line":57,"column":19}},"21":{"start":{"line":60,"column":0},"end":{"line":64,"column":3}},"22":{"start":{"line":61,"column":2},"end":{"line":63,"column":4}},"23":{"start":{"line":66,"column":0},"end":{"line":76,"column":2}},"24":{"start":{"line":73,"column":4},"end":{"line":73,"column":32}},"25":{"start":{"line":74,"column":4},"end":{"line":74,"column":22}},"26":{"start":{"line":78,"column":0},"end":{"line":80,"column":3}},"27":{"start":{"line":82,"column":0},"end":{"line":89,"column":3}},"28":{"start":{"line":83,"column":2},"end":{"line":88,"column":3}},"29":{"start":{"line":86,"column":4},"end":{"line":86,"column":21}},"30":{"start":{"line":91,"column":0},"end":{"line":91,"column":21}}},"fnMap":{"0":{"name":"(anonymous_0)","decl":{"start":{"line":27,"column":7},"end":{"line":27,"column":8}},"loc":{"start":{"line":27,"column":27},"end":{"line":36,"column":3}},"line":27},"1":{"name":"(anonymous_1)","decl":{"start":{"line":47,"column":4},"end":{"line":47,"column":5}},"loc":{"start":{"line":47,"column":56},"end":{"line":49,"column":5}},"line":47},"2":{"name":"(anonymous_2)","decl":{"start":{"line":53,"column":23},"end":{"line":53,"column":24}},"loc":{"start":{"line":53,"column":39},"end":{"line":55,"column":1}},"line":53},"3":{"name":"(anonymous_3)","decl":{"start":{"line":56,"column":25},"end":{"line":56,"column":26}},"loc":{"start":{"line":56,"column":41},"end":{"line":58,"column":1}},"line":56},"4":{"name":"(anonymous_4)","decl":{"start":{"line":60,"column":13},"end":{"line":60,"column":14}},"loc":{"start":{"line":60,"column":27},"end":{"line":64,"column":1}},"line":60},"5":{"name":"(anonymous_5)","decl":{"start":{"line":72,"column":2},"end":{"line":72,"column":3}},"loc":{"start":{"line":72,"column":16},"end":{"line":75,"column":3}},"line":72},"6":{"name":"(anonymous_6)","decl":{"start":{"line":78,"column":32},"end":{"line":78,"column":33}},"loc":{"start":{"line":78,"column":49},"end":{"line":80,"column":1}},"line":78},"7":{"name":"(anonymous_7)","decl":{"start":{"line":82,"column":15},"end":{"line":82,"column":16}},"loc":{"start":{"line":82,"column":24},"end":{"line":89,"column":1}},"line":82}},"branchMap":{"0":{"loc":{"start":{"line":4,"column":13},"end":{"line":4,"column":37}},"type":"binary-expr","locations":[{"start":{"line":4,"column":13},"end":{"line":4,"column":29}},{"start":{"line":4,"column":33},"end":{"line":4,"column":37}}],"line":4},"1":{"loc":{"start":{"line":62,"column":4},"end":{"line":62,"column":98}},"type":"cond-expr","locations":[{"start":{"line":62,"column":37},"end":{"line":62,"column":83}},{"start":{"line":62,"column":86},"end":{"line":62,"column":98}}],"line":62},"2":{"loc":{"start":{"line":83,"column":2},"end":{"line":88,"column":3}},"type":"if","locations":[{"start":{"line":83,"column":2},"end":{"line":88,"column":3}},{"start":{"line":85,"column":9},"end":{"line":88,"column":3}}],"line":83}},"s":{"0":1,"1":1,"2":1,"3":1,"4":1,"5":1,"6":1,"7":1,"8":1,"9":1,"10":1,"11":1,"12":1,"13":1,"14":1,"15":1,"16":0,"17":1,"18":0,"19":1,"20":0,"21":1,"22":1,"23":1,"24":0,"25":0,"26":1,"27":1,"28":0,"29":0,"30":1},"f":{"0":1,"1":0,"2":0,"3":0,"4":1,"5":0,"6":0,"7":0},"b":{"0":[1,0],"1":[0,1],"2":[0,0]},"_coverageSchema":"1a1c01bbd47fc00a2c39e90264f33305004495a9","hash":"5960efbf82528fb04e6975c72fb304d16665e765"}
,"C:\\xampp\\htdocs\\smart-recipe\\controllers\\ingredients.js": {"path":"C:\\xampp\\htdocs\\smart-recipe\\controllers\\ingredients.js","statementMap":{"0":{"start":{"line":1,"column":14},"end":{"line":1,"column":38}},"1":{"start":{"line":2,"column":17},"end":{"line":2,"column":44}},"2":{"start":{"line":3,"column":12},"end":{"line":3,"column":26}},"3":{"start":{"line":5,"column":15},"end":{"line":37,"column":2}},"4":{"start":{"line":39,"column":27},"end":{"line":50,"column":1}},"5":{"start":{"line":40,"column":2},"end":{"line":49,"column":3}},"6":{"start":{"line":41,"column":19},"end":{"line":41,"column":83}},"7":{"start":{"line":42,"column":4},"end":{"line":46,"column":7}},"8":{"start":{"line":43,"column":6},"end":{"line":43,"column":56}},"9":{"start":{"line":44,"column":6},"end":{"line":44,"column":27}},"10":{"start":{"line":45,"column":6},"end":{"line":45,"column":22}},"11":{"start":{"line":48,"column":4},"end":{"line":48,"column":45}},"12":{"start":{"line":52,"column":30},"end":{"line":78,"column":1}},"13":{"start":{"line":53,"column":2},"end":{"line":77,"column":3}},"14":{"start":{"line":54,"column":25},"end":{"line":54,"column":52}},"15":{"start":{"line":56,"column":32},"end":{"line":60,"column":37}},"16":{"start":{"line":62,"column":4},"end":{"line":64,"column":5}},"17":{"start":{"line":63,"column":6},"end":{"line":63,"column":65}},"18":{"start":{"line":65,"column":19},"end":{"line":69,"column":34}},"19":{"start":{"line":70,"column":4},"end":{"line":74,"column":7}},"20":{"start":{"line":71,"column":6},"end":{"line":71,"column":56}},"21":{"start":{"line":72,"column":6},"end":{"line":72,"column":27}},"22":{"start":{"line":73,"column":6},"end":{"line":73,"column":25}},"23":{"start":{"line":76,"column":4},"end":{"line":76,"column":45}},"24":{"start":{"line":80,"column":38},"end":{"line":107,"column":1}},"25":{"start":{"line":81,"column":2},"end":{"line":106,"column":3}},"26":{"start":{"line":82,"column":27},"end":{"line":82,"column":53}},"27":{"start":{"line":84,"column":36},"end":{"line":88,"column":50}},"28":{"start":{"line":90,"column":3},"end":{"line":92,"column":4}},"29":{"start":{"line":91,"column":5},"end":{"line":91,"column":64}},"30":{"start":{"line":94,"column":19},"end":{"line":99,"column":15}},"31":{"start":{"line":101,"column":3},"end":{"line":101,"column":53}},"32":{"start":{"line":102,"column":3},"end":{"line":102,"column":24}},"33":{"start":{"line":103,"column":3},"end":{"line":103,"column":20}},"34":{"start":{"line":105,"column":4},"end":{"line":105,"column":45}},"35":{"start":{"line":109,"column":25},"end":{"line":134,"column":1}},"36":{"start":{"line":110,"column":2},"end":{"line":133,"column":3}},"37":{"start":{"line":111,"column":22},"end":{"line":111,"column":47}},"38":{"start":{"line":113,"column":4},"end":{"line":116,"column":5}},"39":{"start":{"line":114,"column":27},"end":{"line":114,"column":51}},"40":{"start":{"line":115,"column":6},"end":{"line":115,"column":59}},"41":{"start":{"line":119,"column":17},"end":{"line":123,"column":5}},"42":{"start":{"line":125,"column":21},"end":{"line":125,"column":94}},"43":{"start":{"line":126,"column":4},"end":{"line":130,"column":5}},"44":{"start":{"line":127,"column":6},"end":{"line":127,"column":37}},"45":{"start":{"line":129,"column":6},"end":{"line":129,"column":96}},"46":{"start":{"line":132,"column":4},"end":{"line":132,"column":51}},"47":{"start":{"line":136,"column":27},"end":{"line":174,"column":1}},"48":{"start":{"line":137,"column":2},"end":{"line":173,"column":3}},"49":{"start":{"line":138,"column":25},"end":{"line":138,"column":52}},"50":{"start":{"line":140,"column":32},"end":{"line":144,"column":37}},"51":{"start":{"line":146,"column":4},"end":{"line":148,"column":5}},"52":{"start":{"line":147,"column":6},"end":{"line":147,"column":65}},"53":{"start":{"line":150,"column":22},"end":{"line":150,"column":47}},"54":{"start":{"line":152,"column":4},"end":{"line":155,"column":5}},"55":{"start":{"line":153,"column":27},"end":{"line":153,"column":51}},"56":{"start":{"line":154,"column":6},"end":{"line":154,"column":59}},"57":{"start":{"line":156,"column":17},"end":{"line":160,"column":5}},"58":{"start":{"line":161,"column":21},"end":{"line":165,"column":46}},"59":{"start":{"line":166,"column":4},"end":{"line":170,"column":5}},"60":{"start":{"line":167,"column":6},"end":{"line":167,"column":29}},"61":{"start":{"line":169,"column":6},"end":{"line":169,"column":95}},"62":{"start":{"line":172,"column":4},"end":{"line":172,"column":51}},"63":{"start":{"line":176,"column":27},"end":{"line":202,"column":1}},"64":{"start":{"line":177,"column":2},"end":{"line":201,"column":3}},"65":{"start":{"line":178,"column":25},"end":{"line":178,"column":52}},"66":{"start":{"line":180,"column":32},"end":{"line":184,"column":37}},"67":{"start":{"line":186,"column":4},"end":{"line":188,"column":5}},"68":{"start":{"line":187,"column":6},"end":{"line":187,"column":65}},"69":{"start":{"line":189,"column":21},"end":{"line":193,"column":39}},"70":{"start":{"line":194,"column":4},"end":{"line":198,"column":5}},"71":{"start":{"line":195,"column":6},"end":{"line":195,"column":29}},"72":{"start":{"line":197,"column":6},"end":{"line":197,"column":96}},"73":{"start":{"line":200,"column":4},"end":{"line":200,"column":51}},"74":{"start":{"line":204,"column":0},"end":{"line":211,"column":2}}},"fnMap":{"0":{"name":"(anonymous_0)","decl":{"start":{"line":39,"column":27},"end":{"line":39,"column":28}},"loc":{"start":{"line":39,"column":47},"end":{"line":50,"column":1}},"line":39},"1":{"name":"(anonymous_1)","decl":{"start":{"line":42,"column":26},"end":{"line":42,"column":27}},"loc":{"start":{"line":42,"column":37},"end":{"line":46,"column":5}},"line":42},"2":{"name":"(anonymous_2)","decl":{"start":{"line":52,"column":30},"end":{"line":52,"column":31}},"loc":{"start":{"line":52,"column":50},"end":{"line":78,"column":1}},"line":52},"3":{"name":"(anonymous_3)","decl":{"start":{"line":70,"column":26},"end":{"line":70,"column":27}},"loc":{"start":{"line":70,"column":37},"end":{"line":74,"column":5}},"line":70},"4":{"name":"(anonymous_4)","decl":{"start":{"line":80,"column":38},"end":{"line":80,"column":39}},"loc":{"start":{"line":80,"column":58},"end":{"line":107,"column":1}},"line":80},"5":{"name":"(anonymous_5)","decl":{"start":{"line":109,"column":25},"end":{"line":109,"column":26}},"loc":{"start":{"line":109,"column":45},"end":{"line":134,"column":1}},"line":109},"6":{"name":"(anonymous_6)","decl":{"start":{"line":136,"column":27},"end":{"line":136,"column":28}},"loc":{"start":{"line":136,"column":47},"end":{"line":174,"column":1}},"line":136},"7":{"name":"(anonymous_7)","decl":{"start":{"line":176,"column":27},"end":{"line":176,"column":28}},"loc":{"start":{"line":176,"column":47},"end":{"line":202,"column":1}},"line":176}},"branchMap":{"0":{"loc":{"start":{"line":62,"column":4},"end":{"line":64,"column":5}},"type":"if","locations":[{"start":{"line":62,"column":4},"end":{"line":64,"column":5}},{"start":{},"end":{}}],"line":62},"1":{"loc":{"start":{"line":90,"column":3},"end":{"line":92,"column":4}},"type":"if","locations":[{"start":{"line":90,"column":3},"end":{"line":92,"column":4}},{"start":{},"end":{}}],"line":90},"2":{"loc":{"start":{"line":113,"column":4},"end":{"line":116,"column":5}},"type":"if","locations":[{"start":{"line":113,"column":4},"end":{"line":116,"column":5}},{"start":{},"end":{}}],"line":113},"3":{"loc":{"start":{"line":126,"column":4},"end":{"line":130,"column":5}},"type":"if","locations":[{"start":{"line":126,"column":4},"end":{"line":130,"column":5}},{"start":{"line":128,"column":11},"end":{"line":130,"column":5}}],"line":126},"4":{"loc":{"start":{"line":129,"column":27},"end":{"line":129,"column":94}},"type":"binary-expr","locations":[{"start":{"line":129,"column":27},"end":{"line":129,"column":41}},{"start":{"line":129,"column":45},"end":{"line":129,"column":94}}],"line":129},"5":{"loc":{"start":{"line":146,"column":4},"end":{"line":148,"column":5}},"type":"if","locations":[{"start":{"line":146,"column":4},"end":{"line":148,"column":5}},{"start":{},"end":{}}],"line":146},"6":{"loc":{"start":{"line":152,"column":4},"end":{"line":155,"column":5}},"type":"if","locations":[{"start":{"line":152,"column":4},"end":{"line":155,"column":5}},{"start":{},"end":{}}],"line":152},"7":{"loc":{"start":{"line":166,"column":4},"end":{"line":170,"column":5}},"type":"if","locations":[{"start":{"line":166,"column":4},"end":{"line":170,"column":5}},{"start":{"line":168,"column":11},"end":{"line":170,"column":5}}],"line":166},"8":{"loc":{"start":{"line":169,"column":27},"end":{"line":169,"column":93}},"type":"binary-expr","locations":[{"start":{"line":169,"column":27},"end":{"line":169,"column":41}},{"start":{"line":169,"column":45},"end":{"line":169,"column":93}}],"line":169},"9":{"loc":{"start":{"line":186,"column":4},"end":{"line":188,"column":5}},"type":"if","locations":[{"start":{"line":186,"column":4},"end":{"line":188,"column":5}},{"start":{},"end":{}}],"line":186},"10":{"loc":{"start":{"line":194,"column":4},"end":{"line":198,"column":5}},"type":"if","locations":[{"start":{"line":194,"column":4},"end":{"line":198,"column":5}},{"start":{"line":196,"column":11},"end":{"line":198,"column":5}}],"line":194},"11":{"loc":{"start":{"line":197,"column":27},"end":{"line":197,"column":94}},"type":"binary-expr","locations":[{"start":{"line":197,"column":27},"end":{"line":197,"column":41}},{"start":{"line":197,"column":45},"end":{"line":197,"column":94}}],"line":197}},"s":{"0":1,"1":1,"2":1,"3":1,"4":1,"5":0,"6":0,"7":0,"8":0,"9":0,"10":0,"11":0,"12":1,"13":0,"14":0,"15":0,"16":0,"17":0,"18":0,"19":0,"20":0,"21":0,"22":0,"23":0,"24":1,"25":0,"26":0,"27":0,"28":0,"29":0,"30":0,"31":0,"32":0,"33":0,"34":0,"35":1,"36":0,"37":0,"38":0,"39":0,"40":0,"41":0,"42":0,"43":0,"44":0,"45":0,"46":0,"47":1,"48":0,"49":0,"50":0,"51":0,"52":0,"53":0,"54":0,"55":0,"56":0,"57":0,"58":0,"59":0,"60":0,"61":0,"62":0,"63":1,"64":0,"65":0,"66":0,"67":0,"68":0,"69":0,"70":0,"71":0,"72":0,"73":0,"74":1},"f":{"0":0,"1":0,"2":0,"3":0,"4":0,"5":0,"6":0,"7":0},"b":{"0":[0,0],"1":[0,0],"2":[0,0],"3":[0,0],"4":[0,0],"5":[0,0],"6":[0,0],"7":[0,0],"8":[0,0],"9":[0,0],"10":[0,0],"11":[0,0]},"_coverageSchema":"1a1c01bbd47fc00a2c39e90264f33305004495a9","hash":"de1e73057d523848b2b254dd5764123fa4f64ba8"}
,"C:\\xampp\\htdocs\\smart-recipe\\controllers\\meal_plans.js": {"path":"C:\\xampp\\htdocs\\smart-recipe\\controllers\\meal_plans.js","statementMap":{"0":{"start":{"line":1,"column":14},"end":{"line":1,"column":38}},"1":{"start":{"line":2,"column":17},"end":{"line":2,"column":44}},"2":{"start":{"line":3,"column":12},"end":{"line":3,"column":26}},"3":{"start":{"line":5,"column":15},"end":{"line":37,"column":2}},"4":{"start":{"line":39,"column":26},"end":{"line":50,"column":1}},"5":{"start":{"line":40,"column":2},"end":{"line":49,"column":3}},"6":{"start":{"line":41,"column":19},"end":{"line":41,"column":82}},"7":{"start":{"line":42,"column":4},"end":{"line":46,"column":7}},"8":{"start":{"line":43,"column":6},"end":{"line":43,"column":56}},"9":{"start":{"line":44,"column":6},"end":{"line":44,"column":27}},"10":{"start":{"line":45,"column":6},"end":{"line":45,"column":22}},"11":{"start":{"line":48,"column":4},"end":{"line":48,"column":45}},"12":{"start":{"line":52,"column":29},"end":{"line":79,"column":1}},"13":{"start":{"line":53,"column":2},"end":{"line":78,"column":3}},"14":{"start":{"line":54,"column":23},"end":{"line":54,"column":50}},"15":{"start":{"line":57,"column":25},"end":{"line":61,"column":35}},"16":{"start":{"line":63,"column":4},"end":{"line":65,"column":5}},"17":{"start":{"line":64,"column":6},"end":{"line":64,"column":65}},"18":{"start":{"line":66,"column":19},"end":{"line":70,"column":32}},"19":{"start":{"line":71,"column":4},"end":{"line":75,"column":7}},"20":{"start":{"line":72,"column":6},"end":{"line":72,"column":56}},"21":{"start":{"line":73,"column":6},"end":{"line":73,"column":27}},"22":{"start":{"line":74,"column":6},"end":{"line":74,"column":25}},"23":{"start":{"line":77,"column":4},"end":{"line":77,"column":45}},"24":{"start":{"line":81,"column":44},"end":{"line":108,"column":1}},"25":{"start":{"line":82,"column":2},"end":{"line":107,"column":3}},"26":{"start":{"line":83,"column":23},"end":{"line":83,"column":40}},"27":{"start":{"line":86,"column":31},"end":{"line":90,"column":37}},"28":{"start":{"line":92,"column":3},"end":{"line":94,"column":4}},"29":{"start":{"line":93,"column":5},"end":{"line":93,"column":64}},"30":{"start":{"line":95,"column":19},"end":{"line":100,"column":16}},"31":{"start":{"line":102,"column":4},"end":{"line":102,"column":54}},"32":{"start":{"line":103,"column":4},"end":{"line":103,"column":25}},"33":{"start":{"line":104,"column":4},"end":{"line":104,"column":21}},"34":{"start":{"line":106,"column":4},"end":{"line":106,"column":45}},"35":{"start":{"line":110,"column":24},"end":{"line":136,"column":1}},"36":{"start":{"line":111,"column":2},"end":{"line":135,"column":3}},"37":{"start":{"line":112,"column":22},"end":{"line":112,"column":47}},"38":{"start":{"line":114,"column":4},"end":{"line":117,"column":5}},"39":{"start":{"line":115,"column":27},"end":{"line":115,"column":51}},"40":{"start":{"line":116,"column":6},"end":{"line":116,"column":59}},"41":{"start":{"line":121,"column":17},"end":{"line":125,"column":5}},"42":{"start":{"line":127,"column":21},"end":{"line":127,"column":93}},"43":{"start":{"line":128,"column":4},"end":{"line":132,"column":5}},"44":{"start":{"line":129,"column":6},"end":{"line":129,"column":37}},"45":{"start":{"line":131,"column":6},"end":{"line":131,"column":96}},"46":{"start":{"line":134,"column":4},"end":{"line":134,"column":51}},"47":{"start":{"line":138,"column":26},"end":{"line":177,"column":1}},"48":{"start":{"line":139,"column":2},"end":{"line":176,"column":3}},"49":{"start":{"line":140,"column":23},"end":{"line":140,"column":50}},"50":{"start":{"line":142,"column":25},"end":{"line":146,"column":35}},"51":{"start":{"line":148,"column":4},"end":{"line":150,"column":5}},"52":{"start":{"line":149,"column":6},"end":{"line":149,"column":65}},"53":{"start":{"line":151,"column":22},"end":{"line":151,"column":47}},"54":{"start":{"line":153,"column":4},"end":{"line":156,"column":5}},"55":{"start":{"line":154,"column":27},"end":{"line":154,"column":51}},"56":{"start":{"line":155,"column":6},"end":{"line":155,"column":59}},"57":{"start":{"line":159,"column":17},"end":{"line":163,"column":5}},"58":{"start":{"line":164,"column":21},"end":{"line":168,"column":44}},"59":{"start":{"line":169,"column":4},"end":{"line":173,"column":5}},"60":{"start":{"line":170,"column":6},"end":{"line":170,"column":29}},"61":{"start":{"line":172,"column":6},"end":{"line":172,"column":95}},"62":{"start":{"line":175,"column":4},"end":{"line":175,"column":51}},"63":{"start":{"line":179,"column":26},"end":{"line":206,"column":1}},"64":{"start":{"line":180,"column":2},"end":{"line":205,"column":3}},"65":{"start":{"line":181,"column":23},"end":{"line":181,"column":50}},"66":{"start":{"line":183,"column":25},"end":{"line":187,"column":35}},"67":{"start":{"line":189,"column":4},"end":{"line":191,"column":5}},"68":{"start":{"line":190,"column":6},"end":{"line":190,"column":65}},"69":{"start":{"line":193,"column":21},"end":{"line":197,"column":37}},"70":{"start":{"line":198,"column":4},"end":{"line":202,"column":5}},"71":{"start":{"line":199,"column":6},"end":{"line":199,"column":29}},"72":{"start":{"line":201,"column":6},"end":{"line":201,"column":96}},"73":{"start":{"line":204,"column":4},"end":{"line":204,"column":51}},"74":{"start":{"line":208,"column":0},"end":{"line":215,"column":2}}},"fnMap":{"0":{"name":"(anonymous_0)","decl":{"start":{"line":39,"column":26},"end":{"line":39,"column":27}},"loc":{"start":{"line":39,"column":46},"end":{"line":50,"column":1}},"line":39},"1":{"name":"(anonymous_1)","decl":{"start":{"line":42,"column":26},"end":{"line":42,"column":27}},"loc":{"start":{"line":42,"column":37},"end":{"line":46,"column":5}},"line":42},"2":{"name":"(anonymous_2)","decl":{"start":{"line":52,"column":29},"end":{"line":52,"column":30}},"loc":{"start":{"line":52,"column":49},"end":{"line":79,"column":1}},"line":52},"3":{"name":"(anonymous_3)","decl":{"start":{"line":71,"column":26},"end":{"line":71,"column":27}},"loc":{"start":{"line":71,"column":37},"end":{"line":75,"column":5}},"line":71},"4":{"name":"(anonymous_4)","decl":{"start":{"line":81,"column":44},"end":{"line":81,"column":45}},"loc":{"start":{"line":81,"column":64},"end":{"line":108,"column":1}},"line":81},"5":{"name":"(anonymous_5)","decl":{"start":{"line":110,"column":24},"end":{"line":110,"column":25}},"loc":{"start":{"line":110,"column":44},"end":{"line":136,"column":1}},"line":110},"6":{"name":"(anonymous_6)","decl":{"start":{"line":138,"column":26},"end":{"line":138,"column":27}},"loc":{"start":{"line":138,"column":46},"end":{"line":177,"column":1}},"line":138},"7":{"name":"(anonymous_7)","decl":{"start":{"line":179,"column":26},"end":{"line":179,"column":27}},"loc":{"start":{"line":179,"column":46},"end":{"line":206,"column":1}},"line":179}},"branchMap":{"0":{"loc":{"start":{"line":63,"column":4},"end":{"line":65,"column":5}},"type":"if","locations":[{"start":{"line":63,"column":4},"end":{"line":65,"column":5}},{"start":{},"end":{}}],"line":63},"1":{"loc":{"start":{"line":92,"column":3},"end":{"line":94,"column":4}},"type":"if","locations":[{"start":{"line":92,"column":3},"end":{"line":94,"column":4}},{"start":{},"end":{}}],"line":92},"2":{"loc":{"start":{"line":114,"column":4},"end":{"line":117,"column":5}},"type":"if","locations":[{"start":{"line":114,"column":4},"end":{"line":117,"column":5}},{"start":{},"end":{}}],"line":114},"3":{"loc":{"start":{"line":128,"column":4},"end":{"line":132,"column":5}},"type":"if","locations":[{"start":{"line":128,"column":4},"end":{"line":132,"column":5}},{"start":{"line":130,"column":11},"end":{"line":132,"column":5}}],"line":128},"4":{"loc":{"start":{"line":131,"column":27},"end":{"line":131,"column":94}},"type":"binary-expr","locations":[{"start":{"line":131,"column":27},"end":{"line":131,"column":41}},{"start":{"line":131,"column":45},"end":{"line":131,"column":94}}],"line":131},"5":{"loc":{"start":{"line":148,"column":4},"end":{"line":150,"column":5}},"type":"if","locations":[{"start":{"line":148,"column":4},"end":{"line":150,"column":5}},{"start":{},"end":{}}],"line":148},"6":{"loc":{"start":{"line":153,"column":4},"end":{"line":156,"column":5}},"type":"if","locations":[{"start":{"line":153,"column":4},"end":{"line":156,"column":5}},{"start":{},"end":{}}],"line":153},"7":{"loc":{"start":{"line":169,"column":4},"end":{"line":173,"column":5}},"type":"if","locations":[{"start":{"line":169,"column":4},"end":{"line":173,"column":5}},{"start":{"line":171,"column":11},"end":{"line":173,"column":5}}],"line":169},"8":{"loc":{"start":{"line":172,"column":27},"end":{"line":172,"column":93}},"type":"binary-expr","locations":[{"start":{"line":172,"column":27},"end":{"line":172,"column":41}},{"start":{"line":172,"column":45},"end":{"line":172,"column":93}}],"line":172},"9":{"loc":{"start":{"line":189,"column":4},"end":{"line":191,"column":5}},"type":"if","locations":[{"start":{"line":189,"column":4},"end":{"line":191,"column":5}},{"start":{},"end":{}}],"line":189},"10":{"loc":{"start":{"line":198,"column":4},"end":{"line":202,"column":5}},"type":"if","locations":[{"start":{"line":198,"column":4},"end":{"line":202,"column":5}},{"start":{"line":200,"column":11},"end":{"line":202,"column":5}}],"line":198},"11":{"loc":{"start":{"line":201,"column":27},"end":{"line":201,"column":94}},"type":"binary-expr","locations":[{"start":{"line":201,"column":27},"end":{"line":201,"column":41}},{"start":{"line":201,"column":45},"end":{"line":201,"column":94}}],"line":201}},"s":{"0":1,"1":1,"2":1,"3":1,"4":1,"5":0,"6":0,"7":0,"8":0,"9":0,"10":0,"11":0,"12":1,"13":0,"14":0,"15":0,"16":0,"17":0,"18":0,"19":0,"20":0,"21":0,"22":0,"23":0,"24":1,"25":0,"26":0,"27":0,"28":0,"29":0,"30":0,"31":0,"32":0,"33":0,"34":0,"35":1,"36":0,"37":0,"38":0,"39":0,"40":0,"41":0,"42":0,"43":0,"44":0,"45":0,"46":0,"47":1,"48":0,"49":0,"50":0,"51":0,"52":0,"53":0,"54":0,"55":0,"56":0,"57":0,"58":0,"59":0,"60":0,"61":0,"62":0,"63":1,"64":0,"65":0,"66":0,"67":0,"68":0,"69":0,"70":0,"71":0,"72":0,"73":0,"74":1},"f":{"0":0,"1":0,"2":0,"3":0,"4":0,"5":0,"6":0,"7":0},"b":{"0":[0,0],"1":[0,0],"2":[0,0],"3":[0,0],"4":[0,0],"5":[0,0],"6":[0,0],"7":[0,0],"8":[0,0],"9":[0,0],"10":[0,0],"11":[0,0]},"_coverageSchema":"1a1c01bbd47fc00a2c39e90264f33305004495a9","hash":"112456ccd12a128c79976dc2de61f90b8986cf92"}
,"C:\\xampp\\htdocs\\smart-recipe\\controllers\\recipes.js": {"path":"C:\\xampp\\htdocs\\smart-recipe\\controllers\\recipes.js","statementMap":{"0":{"start":{"line":1,"column":14},"end":{"line":1,"column":38}},"1":{"start":{"line":2,"column":17},"end":{"line":2,"column":44}},"2":{"start":{"line":3,"column":12},"end":{"line":3,"column":26}},"3":{"start":{"line":5,"column":15},"end":{"line":77,"column":2}},"4":{"start":{"line":79,"column":23},"end":{"line":90,"column":1}},"5":{"start":{"line":80,"column":2},"end":{"line":89,"column":3}},"6":{"start":{"line":81,"column":19},"end":{"line":81,"column":79}},"7":{"start":{"line":82,"column":4},"end":{"line":86,"column":7}},"8":{"start":{"line":83,"column":6},"end":{"line":83,"column":56}},"9":{"start":{"line":84,"column":6},"end":{"line":84,"column":27}},"10":{"start":{"line":85,"column":6},"end":{"line":85,"column":22}},"11":{"start":{"line":88,"column":4},"end":{"line":88,"column":45}},"12":{"start":{"line":92,"column":26},"end":{"line":114,"column":1}},"13":{"start":{"line":93,"column":2},"end":{"line":113,"column":3}},"14":{"start":{"line":94,"column":21},"end":{"line":94,"column":48}},"15":{"start":{"line":96,"column":28},"end":{"line":100,"column":33}},"16":{"start":{"line":102,"column":4},"end":{"line":104,"column":5}},"17":{"start":{"line":103,"column":6},"end":{"line":103,"column":65}},"18":{"start":{"line":105,"column":19},"end":{"line":105,"column":96}},"19":{"start":{"line":106,"column":4},"end":{"line":110,"column":7}},"20":{"start":{"line":107,"column":6},"end":{"line":107,"column":56}},"21":{"start":{"line":108,"column":6},"end":{"line":108,"column":27}},"22":{"start":{"line":109,"column":6},"end":{"line":109,"column":25}},"23":{"start":{"line":112,"column":4},"end":{"line":112,"column":45}},"24":{"start":{"line":116,"column":42},"end":{"line":142,"column":1}},"25":{"start":{"line":117,"column":2},"end":{"line":141,"column":3}},"26":{"start":{"line":118,"column":24},"end":{"line":118,"column":47}},"27":{"start":{"line":120,"column":31},"end":{"line":124,"column":43}},"28":{"start":{"line":126,"column":2},"end":{"line":128,"column":3}},"29":{"start":{"line":127,"column":4},"end":{"line":127,"column":63}},"30":{"start":{"line":129,"column":18},"end":{"line":134,"column":15}},"31":{"start":{"line":136,"column":3},"end":{"line":136,"column":53}},"32":{"start":{"line":137,"column":3},"end":{"line":137,"column":24}},"33":{"start":{"line":138,"column":3},"end":{"line":138,"column":20}},"34":{"start":{"line":140,"column":4},"end":{"line":140,"column":45}},"35":{"start":{"line":144,"column":21},"end":{"line":173,"column":1}},"36":{"start":{"line":145,"column":2},"end":{"line":172,"column":3}},"37":{"start":{"line":146,"column":22},"end":{"line":146,"column":47}},"38":{"start":{"line":148,"column":4},"end":{"line":151,"column":5}},"39":{"start":{"line":149,"column":27},"end":{"line":149,"column":51}},"40":{"start":{"line":150,"column":6},"end":{"line":150,"column":59}},"41":{"start":{"line":154,"column":17},"end":{"line":162,"column":5}},"42":{"start":{"line":164,"column":21},"end":{"line":164,"column":90}},"43":{"start":{"line":165,"column":4},"end":{"line":169,"column":5}},"44":{"start":{"line":166,"column":6},"end":{"line":166,"column":37}},"45":{"start":{"line":168,"column":6},"end":{"line":168,"column":96}},"46":{"start":{"line":171,"column":4},"end":{"line":171,"column":51}},"47":{"start":{"line":175,"column":23},"end":{"line":217,"column":1}},"48":{"start":{"line":176,"column":2},"end":{"line":216,"column":3}},"49":{"start":{"line":177,"column":21},"end":{"line":177,"column":48}},"50":{"start":{"line":180,"column":28},"end":{"line":184,"column":33}},"51":{"start":{"line":186,"column":4},"end":{"line":188,"column":5}},"52":{"start":{"line":187,"column":6},"end":{"line":187,"column":65}},"53":{"start":{"line":189,"column":22},"end":{"line":189,"column":47}},"54":{"start":{"line":191,"column":4},"end":{"line":194,"column":5}},"55":{"start":{"line":192,"column":27},"end":{"line":192,"column":51}},"56":{"start":{"line":193,"column":6},"end":{"line":193,"column":59}},"57":{"start":{"line":195,"column":17},"end":{"line":203,"column":5}},"58":{"start":{"line":204,"column":21},"end":{"line":208,"column":42}},"59":{"start":{"line":209,"column":4},"end":{"line":213,"column":5}},"60":{"start":{"line":210,"column":6},"end":{"line":210,"column":29}},"61":{"start":{"line":212,"column":6},"end":{"line":212,"column":95}},"62":{"start":{"line":215,"column":4},"end":{"line":215,"column":51}},"63":{"start":{"line":219,"column":23},"end":{"line":245,"column":1}},"64":{"start":{"line":220,"column":2},"end":{"line":244,"column":3}},"65":{"start":{"line":221,"column":21},"end":{"line":221,"column":48}},"66":{"start":{"line":223,"column":28},"end":{"line":227,"column":33}},"67":{"start":{"line":229,"column":4},"end":{"line":231,"column":5}},"68":{"start":{"line":230,"column":6},"end":{"line":230,"column":65}},"69":{"start":{"line":232,"column":21},"end":{"line":236,"column":35}},"70":{"start":{"line":237,"column":4},"end":{"line":241,"column":5}},"71":{"start":{"line":238,"column":6},"end":{"line":238,"column":29}},"72":{"start":{"line":240,"column":6},"end":{"line":240,"column":96}},"73":{"start":{"line":243,"column":4},"end":{"line":243,"column":51}},"74":{"start":{"line":247,"column":0},"end":{"line":254,"column":2}}},"fnMap":{"0":{"name":"(anonymous_0)","decl":{"start":{"line":79,"column":23},"end":{"line":79,"column":24}},"loc":{"start":{"line":79,"column":43},"end":{"line":90,"column":1}},"line":79},"1":{"name":"(anonymous_1)","decl":{"start":{"line":82,"column":26},"end":{"line":82,"column":27}},"loc":{"start":{"line":82,"column":37},"end":{"line":86,"column":5}},"line":82},"2":{"name":"(anonymous_2)","decl":{"start":{"line":92,"column":26},"end":{"line":92,"column":27}},"loc":{"start":{"line":92,"column":46},"end":{"line":114,"column":1}},"line":92},"3":{"name":"(anonymous_3)","decl":{"start":{"line":106,"column":26},"end":{"line":106,"column":27}},"loc":{"start":{"line":106,"column":37},"end":{"line":110,"column":5}},"line":106},"4":{"name":"(anonymous_4)","decl":{"start":{"line":116,"column":42},"end":{"line":116,"column":43}},"loc":{"start":{"line":116,"column":62},"end":{"line":142,"column":1}},"line":116},"5":{"name":"(anonymous_5)","decl":{"start":{"line":144,"column":21},"end":{"line":144,"column":22}},"loc":{"start":{"line":144,"column":41},"end":{"line":173,"column":1}},"line":144},"6":{"name":"(anonymous_6)","decl":{"start":{"line":175,"column":23},"end":{"line":175,"column":24}},"loc":{"start":{"line":175,"column":43},"end":{"line":217,"column":1}},"line":175},"7":{"name":"(anonymous_7)","decl":{"start":{"line":219,"column":23},"end":{"line":219,"column":24}},"loc":{"start":{"line":219,"column":43},"end":{"line":245,"column":1}},"line":219}},"branchMap":{"0":{"loc":{"start":{"line":102,"column":4},"end":{"line":104,"column":5}},"type":"if","locations":[{"start":{"line":102,"column":4},"end":{"line":104,"column":5}},{"start":{},"end":{}}],"line":102},"1":{"loc":{"start":{"line":126,"column":2},"end":{"line":128,"column":3}},"type":"if","locations":[{"start":{"line":126,"column":2},"end":{"line":128,"column":3}},{"start":{},"end":{}}],"line":126},"2":{"loc":{"start":{"line":148,"column":4},"end":{"line":151,"column":5}},"type":"if","locations":[{"start":{"line":148,"column":4},"end":{"line":151,"column":5}},{"start":{},"end":{}}],"line":148},"3":{"loc":{"start":{"line":165,"column":4},"end":{"line":169,"column":5}},"type":"if","locations":[{"start":{"line":165,"column":4},"end":{"line":169,"column":5}},{"start":{"line":167,"column":11},"end":{"line":169,"column":5}}],"line":165},"4":{"loc":{"start":{"line":168,"column":27},"end":{"line":168,"column":94}},"type":"binary-expr","locations":[{"start":{"line":168,"column":27},"end":{"line":168,"column":41}},{"start":{"line":168,"column":45},"end":{"line":168,"column":94}}],"line":168},"5":{"loc":{"start":{"line":186,"column":4},"end":{"line":188,"column":5}},"type":"if","locations":[{"start":{"line":186,"column":4},"end":{"line":188,"column":5}},{"start":{},"end":{}}],"line":186},"6":{"loc":{"start":{"line":191,"column":4},"end":{"line":194,"column":5}},"type":"if","locations":[{"start":{"line":191,"column":4},"end":{"line":194,"column":5}},{"start":{},"end":{}}],"line":191},"7":{"loc":{"start":{"line":209,"column":4},"end":{"line":213,"column":5}},"type":"if","locations":[{"start":{"line":209,"column":4},"end":{"line":213,"column":5}},{"start":{"line":211,"column":11},"end":{"line":213,"column":5}}],"line":209},"8":{"loc":{"start":{"line":212,"column":27},"end":{"line":212,"column":93}},"type":"binary-expr","locations":[{"start":{"line":212,"column":27},"end":{"line":212,"column":41}},{"start":{"line":212,"column":45},"end":{"line":212,"column":93}}],"line":212},"9":{"loc":{"start":{"line":229,"column":4},"end":{"line":231,"column":5}},"type":"if","locations":[{"start":{"line":229,"column":4},"end":{"line":231,"column":5}},{"start":{},"end":{}}],"line":229},"10":{"loc":{"start":{"line":237,"column":4},"end":{"line":241,"column":5}},"type":"if","locations":[{"start":{"line":237,"column":4},"end":{"line":241,"column":5}},{"start":{"line":239,"column":11},"end":{"line":241,"column":5}}],"line":237},"11":{"loc":{"start":{"line":240,"column":27},"end":{"line":240,"column":94}},"type":"binary-expr","locations":[{"start":{"line":240,"column":27},"end":{"line":240,"column":41}},{"start":{"line":240,"column":45},"end":{"line":240,"column":94}}],"line":240}},"s":{"0":1,"1":1,"2":1,"3":1,"4":1,"5":0,"6":0,"7":0,"8":0,"9":0,"10":0,"11":0,"12":1,"13":0,"14":0,"15":0,"16":0,"17":0,"18":0,"19":0,"20":0,"21":0,"22":0,"23":0,"24":1,"25":0,"26":0,"27":0,"28":0,"29":0,"30":0,"31":0,"32":0,"33":0,"34":0,"35":1,"36":0,"37":0,"38":0,"39":0,"40":0,"41":0,"42":0,"43":0,"44":0,"45":0,"46":0,"47":1,"48":0,"49":0,"50":0,"51":0,"52":0,"53":0,"54":0,"55":0,"56":0,"57":0,"58":0,"59":0,"60":0,"61":0,"62":0,"63":1,"64":0,"65":0,"66":0,"67":0,"68":0,"69":0,"70":0,"71":0,"72":0,"73":0,"74":1},"f":{"0":0,"1":0,"2":0,"3":0,"4":0,"5":0,"6":0,"7":0},"b":{"0":[0,0],"1":[0,0],"2":[0,0],"3":[0,0],"4":[0,0],"5":[0,0],"6":[0,0],"7":[0,0],"8":[0,0],"9":[0,0],"10":[0,0],"11":[0,0]},"_coverageSchema":"1a1c01bbd47fc00a2c39e90264f33305004495a9","hash":"f782616c4c9c6acb781b728e9a13de480b0a72e0"}
,"C:\\xampp\\htdocs\\smart-recipe\\controllers\\users.js": {"path":"C:\\xampp\\htdocs\\smart-recipe\\controllers\\users.js","statementMap":{"0":{"start":{"line":1,"column":14},"end":{"line":1,"column":38}},"1":{"start":{"line":2,"column":17},"end":{"line":2,"column":44}},"2":{"start":{"line":3,"column":12},"end":{"line":3,"column":26}},"3":{"start":{"line":4,"column":15},"end":{"line":4,"column":32}},"4":{"start":{"line":5,"column":22},"end":{"line":5,"column":96}},"5":{"start":{"line":7,"column":15},"end":{"line":60,"column":2}},"6":{"start":{"line":62,"column":21},"end":{"line":73,"column":1}},"7":{"start":{"line":63,"column":2},"end":{"line":72,"column":3}},"8":{"start":{"line":64,"column":19},"end":{"line":64,"column":77}},"9":{"start":{"line":65,"column":4},"end":{"line":69,"column":7}},"10":{"start":{"line":66,"column":6},"end":{"line":66,"column":56}},"11":{"start":{"line":67,"column":6},"end":{"line":67,"column":27}},"12":{"start":{"line":68,"column":6},"end":{"line":68,"column":22}},"13":{"start":{"line":71,"column":4},"end":{"line":71,"column":45}},"14":{"start":{"line":75,"column":24},"end":{"line":97,"column":1}},"15":{"start":{"line":76,"column":2},"end":{"line":96,"column":3}},"16":{"start":{"line":77,"column":19},"end":{"line":77,"column":46}},"17":{"start":{"line":79,"column":25},"end":{"line":83,"column":31}},"18":{"start":{"line":85,"column":4},"end":{"line":87,"column":5}},"19":{"start":{"line":86,"column":6},"end":{"line":86,"column":65}},"20":{"start":{"line":88,"column":19},"end":{"line":88,"column":92}},"21":{"start":{"line":89,"column":4},"end":{"line":93,"column":7}},"22":{"start":{"line":90,"column":6},"end":{"line":90,"column":56}},"23":{"start":{"line":91,"column":6},"end":{"line":91,"column":27}},"24":{"start":{"line":92,"column":6},"end":{"line":92,"column":25}},"25":{"start":{"line":95,"column":4},"end":{"line":95,"column":45}},"26":{"start":{"line":99,"column":19},"end":{"line":129,"column":1}},"27":{"start":{"line":100,"column":2},"end":{"line":128,"column":3}},"28":{"start":{"line":101,"column":22},"end":{"line":101,"column":47}},"29":{"start":{"line":103,"column":4},"end":{"line":106,"column":5}},"30":{"start":{"line":104,"column":27},"end":{"line":104,"column":51}},"31":{"start":{"line":105,"column":6},"end":{"line":105,"column":59}},"32":{"start":{"line":109,"column":21},"end":{"line":109,"column":38}},"33":{"start":{"line":110,"column":23},"end":{"line":110,"column":25}},"34":{"start":{"line":111,"column":27},"end":{"line":111,"column":66}},"35":{"start":{"line":112,"column":17},"end":{"line":118,"column":5}},"36":{"start":{"line":120,"column":21},"end":{"line":120,"column":88}},"37":{"start":{"line":121,"column":4},"end":{"line":125,"column":5}},"38":{"start":{"line":122,"column":6},"end":{"line":122,"column":37}},"39":{"start":{"line":124,"column":6},"end":{"line":124,"column":96}},"40":{"start":{"line":127,"column":4},"end":{"line":127,"column":51}},"41":{"start":{"line":131,"column":21},"end":{"line":173,"column":1}},"42":{"start":{"line":132,"column":2},"end":{"line":172,"column":3}},"43":{"start":{"line":133,"column":19},"end":{"line":133,"column":46}},"44":{"start":{"line":135,"column":25},"end":{"line":139,"column":31}},"45":{"start":{"line":141,"column":4},"end":{"line":143,"column":5}},"46":{"start":{"line":142,"column":6},"end":{"line":142,"column":65}},"47":{"start":{"line":144,"column":22},"end":{"line":144,"column":47}},"48":{"start":{"line":146,"column":4},"end":{"line":149,"column":5}},"49":{"start":{"line":147,"column":27},"end":{"line":147,"column":51}},"50":{"start":{"line":148,"column":6},"end":{"line":148,"column":59}},"51":{"start":{"line":150,"column":21},"end":{"line":150,"column":38}},"52":{"start":{"line":151,"column":23},"end":{"line":151,"column":25}},"53":{"start":{"line":152,"column":27},"end":{"line":152,"column":66}},"54":{"start":{"line":153,"column":17},"end":{"line":159,"column":5}},"55":{"start":{"line":160,"column":21},"end":{"line":164,"column":40}},"56":{"start":{"line":165,"column":4},"end":{"line":169,"column":5}},"57":{"start":{"line":166,"column":6},"end":{"line":166,"column":29}},"58":{"start":{"line":168,"column":6},"end":{"line":168,"column":95}},"59":{"start":{"line":171,"column":4},"end":{"line":171,"column":51}},"60":{"start":{"line":175,"column":21},"end":{"line":197,"column":1}},"61":{"start":{"line":176,"column":2},"end":{"line":196,"column":3}},"62":{"start":{"line":177,"column":19},"end":{"line":177,"column":46}},"63":{"start":{"line":179,"column":25},"end":{"line":183,"column":31}},"64":{"start":{"line":185,"column":4},"end":{"line":187,"column":5}},"65":{"start":{"line":186,"column":6},"end":{"line":186,"column":65}},"66":{"start":{"line":188,"column":21},"end":{"line":188,"column":99}},"67":{"start":{"line":189,"column":4},"end":{"line":193,"column":5}},"68":{"start":{"line":190,"column":6},"end":{"line":190,"column":29}},"69":{"start":{"line":192,"column":6},"end":{"line":192,"column":96}},"70":{"start":{"line":195,"column":4},"end":{"line":195,"column":51}},"71":{"start":{"line":199,"column":0},"end":{"line":205,"column":2}}},"fnMap":{"0":{"name":"(anonymous_0)","decl":{"start":{"line":62,"column":21},"end":{"line":62,"column":22}},"loc":{"start":{"line":62,"column":41},"end":{"line":73,"column":1}},"line":62},"1":{"name":"(anonymous_1)","decl":{"start":{"line":65,"column":26},"end":{"line":65,"column":27}},"loc":{"start":{"line":65,"column":37},"end":{"line":69,"column":5}},"line":65},"2":{"name":"(anonymous_2)","decl":{"start":{"line":75,"column":24},"end":{"line":75,"column":25}},"loc":{"start":{"line":75,"column":44},"end":{"line":97,"column":1}},"line":75},"3":{"name":"(anonymous_3)","decl":{"start":{"line":89,"column":26},"end":{"line":89,"column":27}},"loc":{"start":{"line":89,"column":37},"end":{"line":93,"column":5}},"line":89},"4":{"name":"(anonymous_4)","decl":{"start":{"line":99,"column":19},"end":{"line":99,"column":20}},"loc":{"start":{"line":99,"column":39},"end":{"line":129,"column":1}},"line":99},"5":{"name":"(anonymous_5)","decl":{"start":{"line":131,"column":21},"end":{"line":131,"column":22}},"loc":{"start":{"line":131,"column":41},"end":{"line":173,"column":1}},"line":131},"6":{"name":"(anonymous_6)","decl":{"start":{"line":175,"column":21},"end":{"line":175,"column":22}},"loc":{"start":{"line":175,"column":41},"end":{"line":197,"column":1}},"line":175}},"branchMap":{"0":{"loc":{"start":{"line":85,"column":4},"end":{"line":87,"column":5}},"type":"if","locations":[{"start":{"line":85,"column":4},"end":{"line":87,"column":5}},{"start":{},"end":{}}],"line":85},"1":{"loc":{"start":{"line":103,"column":4},"end":{"line":106,"column":5}},"type":"if","locations":[{"start":{"line":103,"column":4},"end":{"line":106,"column":5}},{"start":{},"end":{}}],"line":103},"2":{"loc":{"start":{"line":121,"column":4},"end":{"line":125,"column":5}},"type":"if","locations":[{"start":{"line":121,"column":4},"end":{"line":125,"column":5}},{"start":{"line":123,"column":11},"end":{"line":125,"column":5}}],"line":121},"3":{"loc":{"start":{"line":124,"column":27},"end":{"line":124,"column":94}},"type":"binary-expr","locations":[{"start":{"line":124,"column":27},"end":{"line":124,"column":41}},{"start":{"line":124,"column":45},"end":{"line":124,"column":94}}],"line":124},"4":{"loc":{"start":{"line":141,"column":4},"end":{"line":143,"column":5}},"type":"if","locations":[{"start":{"line":141,"column":4},"end":{"line":143,"column":5}},{"start":{},"end":{}}],"line":141},"5":{"loc":{"start":{"line":146,"column":4},"end":{"line":149,"column":5}},"type":"if","locations":[{"start":{"line":146,"column":4},"end":{"line":149,"column":5}},{"start":{},"end":{}}],"line":146},"6":{"loc":{"start":{"line":165,"column":4},"end":{"line":169,"column":5}},"type":"if","locations":[{"start":{"line":165,"column":4},"end":{"line":169,"column":5}},{"start":{"line":167,"column":11},"end":{"line":169,"column":5}}],"line":165},"7":{"loc":{"start":{"line":168,"column":27},"end":{"line":168,"column":93}},"type":"binary-expr","locations":[{"start":{"line":168,"column":27},"end":{"line":168,"column":41}},{"start":{"line":168,"column":45},"end":{"line":168,"column":93}}],"line":168},"8":{"loc":{"start":{"line":185,"column":4},"end":{"line":187,"column":5}},"type":"if","locations":[{"start":{"line":185,"column":4},"end":{"line":187,"column":5}},{"start":{},"end":{}}],"line":185},"9":{"loc":{"start":{"line":189,"column":4},"end":{"line":193,"column":5}},"type":"if","locations":[{"start":{"line":189,"column":4},"end":{"line":193,"column":5}},{"start":{"line":191,"column":11},"end":{"line":193,"column":5}}],"line":189},"10":{"loc":{"start":{"line":192,"column":27},"end":{"line":192,"column":94}},"type":"binary-expr","locations":[{"start":{"line":192,"column":27},"end":{"line":192,"column":41}},{"start":{"line":192,"column":45},"end":{"line":192,"column":94}}],"line":192}},"s":{"0":1,"1":1,"2":1,"3":1,"4":1,"5":1,"6":1,"7":0,"8":0,"9":0,"10":0,"11":0,"12":0,"13":0,"14":1,"15":0,"16":0,"17":0,"18":0,"19":0,"20":0,"21":0,"22":0,"23":0,"24":0,"25":0,"26":1,"27":0,"28":0,"29":0,"30":0,"31":0,"32":0,"33":0,"34":0,"35":0,"36":0,"37":0,"38":0,"39":0,"40":0,"41":1,"42":0,"43":0,"44":0,"45":0,"46":0,"47":0,"48":0,"49":0,"50":0,"51":0,"52":0,"53":0,"54":0,"55":0,"56":0,"57":0,"58":0,"59":0,"60":1,"61":0,"62":0,"63":0,"64":0,"65":0,"66":0,"67":0,"68":0,"69":0,"70":0,"71":1},"f":{"0":0,"1":0,"2":0,"3":0,"4":0,"5":0,"6":0},"b":{"0":[0,0],"1":[0,0],"2":[0,0],"3":[0,0],"4":[0,0],"5":[0,0],"6":[0,0],"7":[0,0],"8":[0,0],"9":[0,0],"10":[0,0]},"_coverageSchema":"1a1c01bbd47fc00a2c39e90264f33305004495a9","hash":"6c2ab30f5a03efa676719832113f23bfe426fbd7"}
,"C:\\xampp\\htdocs\\smart-recipe\\db\\connect.js": {"path":"C:\\xampp\\htdocs\\smart-recipe\\db\\connect.js","statementMap":{"0":{"start":{"line":34,"column":15},"end":{"line":34,"column":32}},"1":{"start":{"line":35,"column":0},"end":{"line":35,"column":16}},"2":{"start":{"line":36,"column":24},"end":{"line":36,"column":42}},"3":{"start":{"line":38,"column":12},"end":{"line":38,"column":44}},"4":{"start":{"line":39,"column":16},"end":{"line":39,"column":36}},"5":{"start":{"line":43,"column":15},"end":{"line":57,"column":1}},"6":{"start":{"line":44,"column":2},"end":{"line":47,"column":3}},"7":{"start":{"line":46,"column":4},"end":{"line":46,"column":31}},"8":{"start":{"line":48,"column":2},"end":{"line":56,"column":7}},"9":{"start":{"line":51,"column":6},"end":{"line":51,"column":19}},"10":{"start":{"line":52,"column":6},"end":{"line":52,"column":26}},"11":{"start":{"line":55,"column":6},"end":{"line":55,"column":20}},"12":{"start":{"line":59,"column":19},"end":{"line":64,"column":1}},"13":{"start":{"line":60,"column":2},"end":{"line":62,"column":3}},"14":{"start":{"line":61,"column":4},"end":{"line":61,"column":38}},"15":{"start":{"line":63,"column":2},"end":{"line":63,"column":13}},"16":{"start":{"line":66,"column":13},"end":{"line":75,"column":1}},"17":{"start":{"line":67,"column":2},"end":{"line":74,"column":3}},"18":{"start":{"line":68,"column":4},"end":{"line":68,"column":28}},"19":{"start":{"line":69,"column":4},"end":{"line":69,"column":33}},"20":{"start":{"line":71,"column":4},"end":{"line":71,"column":21}},"21":{"start":{"line":73,"column":4},"end":{"line":73,"column":26}},"22":{"start":{"line":77,"column":22},"end":{"line":84,"column":1}},"23":{"start":{"line":78,"column":2},"end":{"line":78,"column":60}},"24":{"start":{"line":81,"column":4},"end":{"line":83,"column":9}},"25":{"start":{"line":82,"column":6},"end":{"line":83,"column":7}},"26":{"start":{"line":86,"column":0},"end":{"line":91,"column":3}}},"fnMap":{"0":{"name":"(anonymous_0)","decl":{"start":{"line":43,"column":15},"end":{"line":43,"column":16}},"loc":{"start":{"line":43,"column":29},"end":{"line":57,"column":1}},"line":43},"1":{"name":"(anonymous_1)","decl":{"start":{"line":50,"column":10},"end":{"line":50,"column":11}},"loc":{"start":{"line":50,"column":22},"end":{"line":53,"column":5}},"line":50},"2":{"name":"(anonymous_2)","decl":{"start":{"line":54,"column":11},"end":{"line":54,"column":12}},"loc":{"start":{"line":54,"column":20},"end":{"line":56,"column":5}},"line":54},"3":{"name":"(anonymous_3)","decl":{"start":{"line":59,"column":19},"end":{"line":59,"column":20}},"loc":{"start":{"line":59,"column":25},"end":{"line":64,"column":1}},"line":59},"4":{"name":"(anonymous_4)","decl":{"start":{"line":66,"column":13},"end":{"line":66,"column":14}},"loc":{"start":{"line":66,"column":31},"end":{"line":75,"column":1}},"line":66},"5":{"name":"(anonymous_5)","decl":{"start":{"line":77,"column":22},"end":{"line":77,"column":23}},"loc":{"start":{"line":77,"column":46},"end":{"line":84,"column":1}},"line":77},"6":{"name":"(anonymous_6)","decl":{"start":{"line":81,"column":36},"end":{"line":81,"column":37}},"loc":{"start":{"line":82,"column":6},"end":{"line":83,"column":7}},"line":82}},"branchMap":{"0":{"loc":{"start":{"line":44,"column":2},"end":{"line":47,"column":3}},"type":"if","locations":[{"start":{"line":44,"column":2},"end":{"line":47,"column":3}},{"start":{},"end":{}}],"line":44},"1":{"loc":{"start":{"line":60,"column":2},"end":{"line":62,"column":3}},"type":"if","locations":[{"start":{"line":60,"column":2},"end":{"line":62,"column":3}},{"start":{},"end":{}}],"line":60}},"s":{"0":1,"1":1,"2":1,"3":1,"4":1,"5":1,"6":1,"7":0,"8":1,"9":0,"10":0,"11":0,"12":1,"13":0,"14":0,"15":0,"16":1,"17":0,"18":0,"19":0,"20":0,"21":0,"22":1,"23":0,"24":0,"25":0,"26":1},"f":{"0":1,"1":0,"2":0,"3":0,"4":0,"5":0,"6":0},"b":{"0":[0,1],"1":[0,0]},"_coverageSchema":"1a1c01bbd47fc00a2c39e90264f33305004495a9","hash":"3d0db0cc194a674af70223d102d324af04692e00"}
,"C:\\xampp\\htdocs\\smart-recipe\\helpers\\authenticate.js": {"path":"C:\\xampp\\htdocs\\smart-recipe\\helpers\\authenticate.js","statementMap":{"0":{"start":{"line":1,"column":24},"end":{"line":6,"column":1}},"1":{"start":{"line":2,"column":2},"end":{"line":4,"column":3}},"2":{"start":{"line":3,"column":4},"end":{"line":3,"column":59}},"3":{"start":{"line":5,"column":2},"end":{"line":5,"column":9}},"4":{"start":{"line":8,"column":0},"end":{"line":10,"column":2}}},"fnMap":{"0":{"name":"(anonymous_0)","decl":{"start":{"line":1,"column":24},"end":{"line":1,"column":25}},"loc":{"start":{"line":1,"column":44},"end":{"line":6,"column":1}},"line":1}},"branchMap":{"0":{"loc":{"start":{"line":2,"column":2},"end":{"line":4,"column":3}},"type":"if","locations":[{"start":{"line":2,"column":2},"end":{"line":4,"column":3}},{"start":{},"end":{}}],"line":2}},"s":{"0":1,"1":0,"2":0,"3":0,"4":1},"f":{"0":0},"b":{"0":[0,0]},"_coverageSchema":"1a1c01bbd47fc00a2c39e90264f33305004495a9","hash":"31ff2595ad486a9e9bdbd72e66ce699d828cffc5"}
,"C:\\xampp\\htdocs\\smart-recipe\\routes\\index.js": {"path":"C:\\xampp\\htdocs\\smart-recipe\\routes\\index.js","statementMap":{"0":{"start":{"line":1,"column":16},"end":{"line":1,"column":34}},"1":{"start":{"line":2,"column":15},"end":{"line":2,"column":31}},"2":{"start":{"line":3,"column":17},"end":{"line":3,"column":36}},"3":{"start":{"line":5,"column":0},"end":{"line":5,"column":41}},"4":{"start":{"line":6,"column":0},"end":{"line":6,"column":45}},"5":{"start":{"line":7,"column":0},"end":{"line":7,"column":53}},"6":{"start":{"line":8,"column":0},"end":{"line":8,"column":51}},"7":{"start":{"line":10,"column":0},"end":{"line":10,"column":38}},"8":{"start":{"line":12,"column":0},"end":{"line":12,"column":72}},"9":{"start":{"line":14,"column":0},"end":{"line":21,"column":3}},"10":{"start":{"line":15,"column":2},"end":{"line":20,"column":5}},"11":{"start":{"line":16,"column":4},"end":{"line":18,"column":5}},"12":{"start":{"line":17,"column":6},"end":{"line":17,"column":23}},"13":{"start":{"line":19,"column":4},"end":{"line":19,"column":22}},"14":{"start":{"line":23,"column":0},"end":{"line":23,"column":24}}},"fnMap":{"0":{"name":"(anonymous_0)","decl":{"start":{"line":12,"column":54},"end":{"line":12,"column":55}},"loc":{"start":{"line":12,"column":68},"end":{"line":12,"column":70}},"line":12},"1":{"name":"(anonymous_1)","decl":{"start":{"line":14,"column":22},"end":{"line":14,"column":23}},"loc":{"start":{"line":14,"column":48},"end":{"line":21,"column":1}},"line":14},"2":{"name":"(anonymous_2)","decl":{"start":{"line":15,"column":13},"end":{"line":15,"column":14}},"loc":{"start":{"line":15,"column":28},"end":{"line":20,"column":3}},"line":15}},"branchMap":{"0":{"loc":{"start":{"line":16,"column":4},"end":{"line":18,"column":5}},"type":"if","locations":[{"start":{"line":16,"column":4},"end":{"line":18,"column":5}},{"start":{},"end":{}}],"line":16}},"s":{"0":1,"1":1,"2":1,"3":1,"4":1,"5":1,"6":1,"7":1,"8":1,"9":1,"10":0,"11":0,"12":0,"13":0,"14":1},"f":{"0":0,"1":0,"2":0},"b":{"0":[0,0]},"_coverageSchema":"1a1c01bbd47fc00a2c39e90264f33305004495a9","hash":"d0d7d8cbacfb2460eb1478fe3504a522cb6480e4"}
,"C:\\xampp\\htdocs\\smart-recipe\\routes\\ingredients.js": {"path":"C:\\xampp\\htdocs\\smart-recipe\\routes\\ingredients.js","statementMap":{"0":{"start":{"line":1,"column":16},"end":{"line":1,"column":34}},"1":{"start":{"line":2,"column":15},"end":{"line":2,"column":31}},"2":{"start":{"line":3,"column":29},"end":{"line":3,"column":66}},"3":{"start":{"line":4,"column":28},"end":{"line":4,"column":62}},"4":{"start":{"line":6,"column":0},"end":{"line":6,"column":57}},"5":{"start":{"line":7,"column":0},"end":{"line":7,"column":80}},"6":{"start":{"line":8,"column":0},"end":{"line":12,"column":2}},"7":{"start":{"line":13,"column":0},"end":{"line":13,"column":73}},"8":{"start":{"line":14,"column":0},"end":{"line":14,"column":77}},"9":{"start":{"line":15,"column":0},"end":{"line":15,"column":80}},"10":{"start":{"line":17,"column":0},"end":{"line":17,"column":24}}},"fnMap":{},"branchMap":{},"s":{"0":1,"1":1,"2":1,"3":1,"4":1,"5":1,"6":1,"7":1,"8":1,"9":1,"10":1},"f":{},"b":{},"_coverageSchema":"1a1c01bbd47fc00a2c39e90264f33305004495a9","hash":"818cdff53b3d15f545085718fdec55b19b1de5b8"}
,"C:\\xampp\\htdocs\\smart-recipe\\routes\\meal_plans.js": {"path":"C:\\xampp\\htdocs\\smart-recipe\\routes\\meal_plans.js","statementMap":{"0":{"start":{"line":1,"column":16},"end":{"line":1,"column":34}},"1":{"start":{"line":2,"column":15},"end":{"line":2,"column":31}},"2":{"start":{"line":3,"column":28},"end":{"line":3,"column":64}},"3":{"start":{"line":4,"column":28},"end":{"line":4,"column":62}},"4":{"start":{"line":6,"column":0},"end":{"line":6,"column":72}},"5":{"start":{"line":7,"column":0},"end":{"line":7,"column":78}},"6":{"start":{"line":8,"column":0},"end":{"line":8,"column":104}},"7":{"start":{"line":9,"column":0},"end":{"line":9,"column":71}},"8":{"start":{"line":10,"column":0},"end":{"line":10,"column":75}},"9":{"start":{"line":11,"column":0},"end":{"line":11,"column":78}},"10":{"start":{"line":13,"column":0},"end":{"line":13,"column":24}}},"fnMap":{},"branchMap":{},"s":{"0":1,"1":1,"2":1,"3":1,"4":1,"5":1,"6":1,"7":1,"8":1,"9":1,"10":1},"f":{},"b":{},"_coverageSchema":"1a1c01bbd47fc00a2c39e90264f33305004495a9","hash":"eee04ab536d98f081548e0d662aa9df7f31bf821"}
,"C:\\xampp\\htdocs\\smart-recipe\\routes\\recipes.js": {"path":"C:\\xampp\\htdocs\\smart-recipe\\routes\\recipes.js","statementMap":{"0":{"start":{"line":1,"column":16},"end":{"line":1,"column":34}},"1":{"start":{"line":2,"column":15},"end":{"line":2,"column":31}},"2":{"start":{"line":3,"column":25},"end":{"line":3,"column":58}},"3":{"start":{"line":4,"column":28},"end":{"line":4,"column":62}},"4":{"start":{"line":6,"column":0},"end":{"line":6,"column":49}},"5":{"start":{"line":7,"column":0},"end":{"line":7,"column":72}},"6":{"start":{"line":8,"column":0},"end":{"line":8,"column":111}},"7":{"start":{"line":9,"column":0},"end":{"line":9,"column":65}},"8":{"start":{"line":10,"column":0},"end":{"line":10,"column":69}},"9":{"start":{"line":11,"column":0},"end":{"line":11,"column":72}},"10":{"start":{"line":13,"column":0},"end":{"line":13,"column":24}}},"fnMap":{},"branchMap":{},"s":{"0":1,"1":1,"2":1,"3":1,"4":1,"5":1,"6":1,"7":1,"8":1,"9":1,"10":1},"f":{},"b":{},"_coverageSchema":"1a1c01bbd47fc00a2c39e90264f33305004495a9","hash":"450bf27b0eb058849d7aab9662c32887983eb232"}
,"C:\\xampp\\htdocs\\smart-recipe\\routes\\swagger.js": {"path":"C:\\xampp\\htdocs\\smart-recipe\\routes\\swagger.js","statementMap":{"0":{"start":{"line":1,"column":15},"end":{"line":1,"column":42}},"1":{"start":{"line":2,"column":18},"end":{"line":2,"column":47}},"2":{"start":{"line":3,"column":24},"end":{"line":3,"column":57}},"3":{"start":{"line":5,"column":0},"end":{"line":5,"column":41}},"4":{"start":{"line":6,"column":0},"end":{"line":6,"column":58}},"5":{"start":{"line":13,"column":0},"end":{"line":13,"column":24}}},"fnMap":{},"branchMap":{},"s":{"0":1,"1":1,"2":1,"3":1,"4":1,"5":1},"f":{},"b":{},"_coverageSchema":"1a1c01bbd47fc00a2c39e90264f33305004495a9","hash":"77c609b2fa77bd464c7a36392860d8a578cb11ca"}
,"C:\\xampp\\htdocs\\smart-recipe\\routes\\users.js": {"path":"C:\\xampp\\htdocs\\smart-recipe\\routes\\users.js","statementMap":{"0":{"start":{"line":1,"column":16},"end":{"line":1,"column":34}},"1":{"start":{"line":2,"column":15},"end":{"line":2,"column":31}},"2":{"start":{"line":3,"column":23},"end":{"line":3,"column":54}},"3":{"start":{"line":4,"column":28},"end":{"line":4,"column":62}},"4":{"start":{"line":6,"column":0},"end":{"line":6,"column":62}},"5":{"start":{"line":7,"column":0},"end":{"line":7,"column":68}},"6":{"start":{"line":8,"column":0},"end":{"line":8,"column":61}},"7":{"start":{"line":9,"column":0},"end":{"line":9,"column":65}},"8":{"start":{"line":10,"column":0},"end":{"line":10,"column":68}},"9":{"start":{"line":12,"column":0},"end":{"line":12,"column":24}}},"fnMap":{},"branchMap":{},"s":{"0":1,"1":1,"2":1,"3":1,"4":1,"5":1,"6":1,"7":1,"8":1,"9":1},"f":{},"b":{},"_coverageSchema":"1a1c01bbd47fc00a2c39e90264f33305004495a9","hash":"10d89f7431caa948dc09851c65db2c369eb40384"}
}
