{"C:\\xampp\\htdocs\\smart-recipe\\index.js": {"path":"C:\\xampp\\htdocs\\smart-recipe\\index.js","statementMap":{"0":{"start":{"line":1,"column":16},"end":{"line":1,"column":34}},"1":{"start":{"line":2,"column":19},"end":{"line":2,"column":41}},"2":{"start":{"line":3,"column":16},"end":{"line":3,"column":39}},"3":{"start":{"line":4,"column":13},"end":{"line":4,"column":37}},"4":{"start":{"line":5,"column":17},"end":{"line":5,"column":36}},"5":{"start":{"line":6,"column":16},"end":{"line":6,"column":42}},"6":{"start":{"line":7,"column":23},"end":{"line":7,"column":59}},"7":{"start":{"line":8,"column":13},"end":{"line":8,"column":28}},"8":{"start":{"line":10,"column":12},"end":{"line":10,"column":21}},"9":{"start":{"line":12,"column":0},"end":{"line":38,"column":30}},"10":{"start":{"line":28,"column":4},"end":{"line":28,"column":54}},"11":{"start":{"line":29,"column":4},"end":{"line":32,"column":6}},"12":{"start":{"line":33,"column":4},"end":{"line":33,"column":54}},"13":{"start":{"line":34,"column":4},"end":{"line":34,"column":92}},"14":{"start":{"line":35,"column":4},"end":{"line":35,"column":11}},"15":{"start":{"line":41,"column":0},"end":{"line":52,"column":2}},"16":{"start":{"line":49,"column":6},"end":{"line":49,"column":33}},"17":{"start":{"line":54,"column":0},"end":{"line":56,"column":3}},"18":{"start":{"line":55,"column":2},"end":{"line":55,"column":19}},"19":{"start":{"line":57,"column":0},"end":{"line":59,"column":3}},"20":{"start":{"line":58,"column":2},"end":{"line":58,"column":19}},"21":{"start":{"line":61,"column":0},"end":{"line":65,"column":3}},"22":{"start":{"line":62,"column":2},"end":{"line":64,"column":4}},"23":{"start":{"line":67,"column":0},"end":{"line":77,"column":2}},"24":{"start":{"line":74,"column":4},"end":{"line":74,"column":32}},"25":{"start":{"line":75,"column":4},"end":{"line":75,"column":22}},"26":{"start":{"line":79,"column":0},"end":{"line":81,"column":3}},"27":{"start":{"line":80,"column":2},"end":{"line":80,"column":95}},"28":{"start":{"line":83,"column":0},"end":{"line":90,"column":3}},"29":{"start":{"line":84,"column":2},"end":{"line":89,"column":3}},"30":{"start":{"line":85,"column":4},"end":{"line":85,"column":21}},"31":{"start":{"line":87,"column":4},"end":{"line":87,"column":21}},"32":{"start":{"line":92,"column":0},"end":{"line":92,"column":21}}},"fnMap":{"0":{"name":"(anonymous_0)","decl":{"start":{"line":27,"column":7},"end":{"line":27,"column":8}},"loc":{"start":{"line":27,"column":27},"end":{"line":36,"column":3}},"line":27},"1":{"name":"(anonymous_1)","decl":{"start":{"line":48,"column":4},"end":{"line":48,"column":5}},"loc":{"start":{"line":48,"column":56},"end":{"line":50,"column":5}},"line":48},"2":{"name":"(anonymous_2)","decl":{"start":{"line":54,"column":23},"end":{"line":54,"column":24}},"loc":{"start":{"line":54,"column":39},"end":{"line":56,"column":1}},"line":54},"3":{"name":"(anonymous_3)","decl":{"start":{"line":57,"column":25},"end":{"line":57,"column":26}},"loc":{"start":{"line":57,"column":41},"end":{"line":59,"column":1}},"line":57},"4":{"name":"(anonymous_4)","decl":{"start":{"line":61,"column":13},"end":{"line":61,"column":14}},"loc":{"start":{"line":61,"column":27},"end":{"line":65,"column":1}},"line":61},"5":{"name":"(anonymous_5)","decl":{"start":{"line":73,"column":2},"end":{"line":73,"column":3}},"loc":{"start":{"line":73,"column":16},"end":{"line":76,"column":3}},"line":73},"6":{"name":"(anonymous_6)","decl":{"start":{"line":79,"column":32},"end":{"line":79,"column":33}},"loc":{"start":{"line":79,"column":49},"end":{"line":81,"column":1}},"line":79},"7":{"name":"(anonymous_7)","decl":{"start":{"line":83,"column":15},"end":{"line":83,"column":16}},"loc":{"start":{"line":83,"column":24},"end":{"line":90,"column":1}},"line":83}},"branchMap":{"0":{"loc":{"start":{"line":4,"column":13},"end":{"line":4,"column":37}},"type":"binary-expr","locations":[{"start":{"line":4,"column":13},"end":{"line":4,"column":29}},{"start":{"line":4,"column":33},"end":{"line":4,"column":37}}],"line":4},"1":{"loc":{"start":{"line":63,"column":4},"end":{"line":63,"column":98}},"type":"cond-expr","locations":[{"start":{"line":63,"column":37},"end":{"line":63,"column":83}},{"start":{"line":63,"column":86},"end":{"line":63,"column":98}}],"line":63},"2":{"loc":{"start":{"line":84,"column":2},"end":{"line":89,"column":3}},"type":"if","locations":[{"start":{"line":84,"column":2},"end":{"line":89,"column":3}},{"start":{"line":86,"column":9},"end":{"line":89,"column":3}}],"line":84}},"s":{"0":1,"1":1,"2":1,"3":1,"4":1,"5":1,"6":1,"7":1,"8":1,"9":1,"10":3,"11":3,"12":3,"13":3,"14":3,"15":1,"16":0,"17":1,"18":0,"19":1,"20":0,"21":1,"22":2,"23":1,"24":0,"25":0,"26":1,"27":0,"28":1,"29":0,"30":0,"31":0,"32":1},"f":{"0":3,"1":0,"2":0,"3":0,"4":2,"5":0,"6":0,"7":0},"b":{"0":[1,0],"1":[0,2],"2":[0,0]},"_coverageSchema":"1a1c01bbd47fc00a2c39e90264f33305004495a9","hash":"aabf50d7388349972a4f0ff13c9792867c957893"}
,"C:\\xampp\\htdocs\\smart-recipe\\controllers\\ingredients.js": {"path":"C:\\xampp\\htdocs\\smart-recipe\\controllers\\ingredients.js","statementMap":{"0":{"start":{"line":1,"column":14},"end":{"line":1,"column":38}},"1":{"start":{"line":2,"column":17},"end":{"line":2,"column":44}},"2":{"start":{"line":3,"column":12},"end":{"line":3,"column":26}},"3":{"start":{"line":5,"column":27},"end":{"line":16,"column":1}},"4":{"start":{"line":6,"column":2},"end":{"line":15,"column":3}},"5":{"start":{"line":7,"column":19},"end":{"line":7,"column":83}},"6":{"start":{"line":8,"column":4},"end":{"line":12,"column":7}},"7":{"start":{"line":9,"column":6},"end":{"line":9,"column":56}},"8":{"start":{"line":10,"column":6},"end":{"line":10,"column":27}},"9":{"start":{"line":11,"column":6},"end":{"line":11,"column":22}},"10":{"start":{"line":14,"column":4},"end":{"line":14,"column":45}},"11":{"start":{"line":18,"column":30},"end":{"line":34,"column":1}},"12":{"start":{"line":19,"column":2},"end":{"line":33,"column":3}},"13":{"start":{"line":20,"column":25},"end":{"line":20,"column":52}},"14":{"start":{"line":21,"column":19},"end":{"line":25,"column":34}},"15":{"start":{"line":26,"column":4},"end":{"line":30,"column":7}},"16":{"start":{"line":27,"column":6},"end":{"line":27,"column":56}},"17":{"start":{"line":28,"column":6},"end":{"line":28,"column":27}},"18":{"start":{"line":29,"column":6},"end":{"line":29,"column":25}},"19":{"start":{"line":32,"column":4},"end":{"line":32,"column":45}},"20":{"start":{"line":36,"column":38},"end":{"line":52,"column":1}},"21":{"start":{"line":37,"column":2},"end":{"line":51,"column":3}},"22":{"start":{"line":38,"column":27},"end":{"line":38,"column":53}},"23":{"start":{"line":39,"column":19},"end":{"line":43,"column":48}},"24":{"start":{"line":44,"column":4},"end":{"line":48,"column":7}},"25":{"start":{"line":45,"column":6},"end":{"line":45,"column":56}},"26":{"start":{"line":46,"column":6},"end":{"line":46,"column":27}},"27":{"start":{"line":47,"column":6},"end":{"line":47,"column":25}},"28":{"start":{"line":50,"column":4},"end":{"line":50,"column":45}},"29":{"start":{"line":54,"column":25},"end":{"line":69,"column":1}},"30":{"start":{"line":55,"column":2},"end":{"line":55,"column":24}},"31":{"start":{"line":57,"column":15},"end":{"line":61,"column":3}},"32":{"start":{"line":63,"column":19},"end":{"line":63,"column":92}},"33":{"start":{"line":64,"column":2},"end":{"line":68,"column":3}},"34":{"start":{"line":65,"column":4},"end":{"line":65,"column":35}},"35":{"start":{"line":67,"column":4},"end":{"line":67,"column":94}},"36":{"start":{"line":71,"column":27},"end":{"line":88,"column":1}},"37":{"start":{"line":72,"column":23},"end":{"line":72,"column":50}},"38":{"start":{"line":73,"column":15},"end":{"line":77,"column":3}},"39":{"start":{"line":78,"column":19},"end":{"line":82,"column":44}},"40":{"start":{"line":83,"column":2},"end":{"line":87,"column":3}},"41":{"start":{"line":84,"column":4},"end":{"line":84,"column":27}},"42":{"start":{"line":86,"column":4},"end":{"line":86,"column":93}},"43":{"start":{"line":90,"column":27},"end":{"line":102,"column":1}},"44":{"start":{"line":91,"column":23},"end":{"line":91,"column":50}},"45":{"start":{"line":92,"column":19},"end":{"line":96,"column":37}},"46":{"start":{"line":97,"column":2},"end":{"line":101,"column":3}},"47":{"start":{"line":98,"column":4},"end":{"line":98,"column":27}},"48":{"start":{"line":100,"column":4},"end":{"line":100,"column":94}},"49":{"start":{"line":104,"column":0},"end":{"line":111,"column":2}}},"fnMap":{"0":{"name":"(anonymous_0)","decl":{"start":{"line":5,"column":27},"end":{"line":5,"column":28}},"loc":{"start":{"line":5,"column":47},"end":{"line":16,"column":1}},"line":5},"1":{"name":"(anonymous_1)","decl":{"start":{"line":8,"column":26},"end":{"line":8,"column":27}},"loc":{"start":{"line":8,"column":37},"end":{"line":12,"column":5}},"line":8},"2":{"name":"(anonymous_2)","decl":{"start":{"line":18,"column":30},"end":{"line":18,"column":31}},"loc":{"start":{"line":18,"column":50},"end":{"line":34,"column":1}},"line":18},"3":{"name":"(anonymous_3)","decl":{"start":{"line":26,"column":26},"end":{"line":26,"column":27}},"loc":{"start":{"line":26,"column":37},"end":{"line":30,"column":5}},"line":26},"4":{"name":"(anonymous_4)","decl":{"start":{"line":36,"column":38},"end":{"line":36,"column":39}},"loc":{"start":{"line":36,"column":58},"end":{"line":52,"column":1}},"line":36},"5":{"name":"(anonymous_5)","decl":{"start":{"line":44,"column":26},"end":{"line":44,"column":27}},"loc":{"start":{"line":44,"column":37},"end":{"line":48,"column":5}},"line":44},"6":{"name":"(anonymous_6)","decl":{"start":{"line":54,"column":25},"end":{"line":54,"column":26}},"loc":{"start":{"line":54,"column":45},"end":{"line":69,"column":1}},"line":54},"7":{"name":"(anonymous_7)","decl":{"start":{"line":71,"column":27},"end":{"line":71,"column":28}},"loc":{"start":{"line":71,"column":47},"end":{"line":88,"column":1}},"line":71},"8":{"name":"(anonymous_8)","decl":{"start":{"line":90,"column":27},"end":{"line":90,"column":28}},"loc":{"start":{"line":90,"column":47},"end":{"line":102,"column":1}},"line":90}},"branchMap":{"0":{"loc":{"start":{"line":64,"column":2},"end":{"line":68,"column":3}},"type":"if","locations":[{"start":{"line":64,"column":2},"end":{"line":68,"column":3}},{"start":{"line":66,"column":9},"end":{"line":68,"column":3}}],"line":64},"1":{"loc":{"start":{"line":67,"column":25},"end":{"line":67,"column":92}},"type":"binary-expr","locations":[{"start":{"line":67,"column":25},"end":{"line":67,"column":39}},{"start":{"line":67,"column":43},"end":{"line":67,"column":92}}],"line":67},"2":{"loc":{"start":{"line":83,"column":2},"end":{"line":87,"column":3}},"type":"if","locations":[{"start":{"line":83,"column":2},"end":{"line":87,"column":3}},{"start":{"line":85,"column":9},"end":{"line":87,"column":3}}],"line":83},"3":{"loc":{"start":{"line":86,"column":25},"end":{"line":86,"column":91}},"type":"binary-expr","locations":[{"start":{"line":86,"column":25},"end":{"line":86,"column":39}},{"start":{"line":86,"column":43},"end":{"line":86,"column":91}}],"line":86},"4":{"loc":{"start":{"line":97,"column":2},"end":{"line":101,"column":3}},"type":"if","locations":[{"start":{"line":97,"column":2},"end":{"line":101,"column":3}},{"start":{"line":99,"column":9},"end":{"line":101,"column":3}}],"line":97},"5":{"loc":{"start":{"line":100,"column":25},"end":{"line":100,"column":92}},"type":"binary-expr","locations":[{"start":{"line":100,"column":25},"end":{"line":100,"column":39}},{"start":{"line":100,"column":43},"end":{"line":100,"column":92}}],"line":100}},"s":{"0":1,"1":1,"2":1,"3":1,"4":0,"5":0,"6":0,"7":0,"8":0,"9":0,"10":0,"11":1,"12":0,"13":0,"14":0,"15":0,"16":0,"17":0,"18":0,"19":0,"20":1,"21":0,"22":0,"23":0,"24":0,"25":0,"26":0,"27":0,"28":0,"29":1,"30":0,"31":0,"32":0,"33":0,"34":0,"35":0,"36":1,"37":0,"38":0,"39":0,"40":0,"41":0,"42":0,"43":1,"44":0,"45":0,"46":0,"47":0,"48":0,"49":1},"f":{"0":0,"1":0,"2":0,"3":0,"4":0,"5":0,"6":0,"7":0,"8":0},"b":{"0":[0,0],"1":[0,0],"2":[0,0],"3":[0,0],"4":[0,0],"5":[0,0]},"_coverageSchema":"1a1c01bbd47fc00a2c39e90264f33305004495a9","hash":"f4ca0475757055a9e48fe9ff90d191767f9f4e0d"}
,"C:\\xampp\\htdocs\\smart-recipe\\controllers\\meal_plans.js": {"path":"C:\\xampp\\htdocs\\smart-recipe\\controllers\\meal_plans.js","statementMap":{"0":{"start":{"line":1,"column":14},"end":{"line":1,"column":38}},"1":{"start":{"line":2,"column":17},"end":{"line":2,"column":44}},"2":{"start":{"line":3,"column":12},"end":{"line":3,"column":26}},"3":{"start":{"line":5,"column":15},"end":{"line":16,"column":4}},"4":{"start":{"line":18,"column":26},"end":{"line":29,"column":1}},"5":{"start":{"line":19,"column":2},"end":{"line":28,"column":3}},"6":{"start":{"line":20,"column":19},"end":{"line":20,"column":82}},"7":{"start":{"line":21,"column":4},"end":{"line":25,"column":7}},"8":{"start":{"line":22,"column":6},"end":{"line":22,"column":56}},"9":{"start":{"line":23,"column":6},"end":{"line":23,"column":27}},"10":{"start":{"line":24,"column":6},"end":{"line":24,"column":22}},"11":{"start":{"line":27,"column":4},"end":{"line":27,"column":45}},"12":{"start":{"line":31,"column":29},"end":{"line":47,"column":1}},"13":{"start":{"line":32,"column":2},"end":{"line":46,"column":3}},"14":{"start":{"line":33,"column":23},"end":{"line":33,"column":50}},"15":{"start":{"line":34,"column":19},"end":{"line":38,"column":32}},"16":{"start":{"line":39,"column":4},"end":{"line":43,"column":7}},"17":{"start":{"line":40,"column":6},"end":{"line":40,"column":56}},"18":{"start":{"line":41,"column":6},"end":{"line":41,"column":27}},"19":{"start":{"line":42,"column":6},"end":{"line":42,"column":25}},"20":{"start":{"line":45,"column":4},"end":{"line":45,"column":45}},"21":{"start":{"line":49,"column":44},"end":{"line":65,"column":1}},"22":{"start":{"line":50,"column":2},"end":{"line":64,"column":3}},"23":{"start":{"line":51,"column":27},"end":{"line":51,"column":44}},"24":{"start":{"line":52,"column":19},"end":{"line":56,"column":39}},"25":{"start":{"line":57,"column":4},"end":{"line":61,"column":7}},"26":{"start":{"line":58,"column":6},"end":{"line":58,"column":56}},"27":{"start":{"line":59,"column":6},"end":{"line":59,"column":27}},"28":{"start":{"line":60,"column":6},"end":{"line":60,"column":25}},"29":{"start":{"line":63,"column":4},"end":{"line":63,"column":45}},"30":{"start":{"line":67,"column":24},"end":{"line":93,"column":1}},"31":{"start":{"line":68,"column":0},"end":{"line":92,"column":1}},"32":{"start":{"line":69,"column":20},"end":{"line":69,"column":45}},"33":{"start":{"line":71,"column":2},"end":{"line":74,"column":3}},"34":{"start":{"line":72,"column":25},"end":{"line":72,"column":49}},"35":{"start":{"line":73,"column":4},"end":{"line":73,"column":57}},"36":{"start":{"line":75,"column":2},"end":{"line":75,"column":24}},"37":{"start":{"line":78,"column":15},"end":{"line":82,"column":3}},"38":{"start":{"line":84,"column":19},"end":{"line":84,"column":91}},"39":{"start":{"line":85,"column":2},"end":{"line":89,"column":3}},"40":{"start":{"line":86,"column":4},"end":{"line":86,"column":35}},"41":{"start":{"line":88,"column":4},"end":{"line":88,"column":94}},"42":{"start":{"line":91,"column":2},"end":{"line":91,"column":49}},"43":{"start":{"line":95,"column":26},"end":{"line":123,"column":1}},"44":{"start":{"line":96,"column":2},"end":{"line":122,"column":1}},"45":{"start":{"line":97,"column":22},"end":{"line":97,"column":47}},"46":{"start":{"line":99,"column":4},"end":{"line":102,"column":5}},"47":{"start":{"line":100,"column":27},"end":{"line":100,"column":51}},"48":{"start":{"line":101,"column":6},"end":{"line":101,"column":59}},"49":{"start":{"line":103,"column":21},"end":{"line":103,"column":48}},"50":{"start":{"line":105,"column":15},"end":{"line":109,"column":3}},"51":{"start":{"line":110,"column":19},"end":{"line":114,"column":42}},"52":{"start":{"line":115,"column":2},"end":{"line":119,"column":3}},"53":{"start":{"line":116,"column":4},"end":{"line":116,"column":27}},"54":{"start":{"line":118,"column":4},"end":{"line":118,"column":93}},"55":{"start":{"line":121,"column":2},"end":{"line":121,"column":49}},"56":{"start":{"line":125,"column":26},"end":{"line":152,"column":1}},"57":{"start":{"line":126,"column":2},"end":{"line":151,"column":1}},"58":{"start":{"line":127,"column":23},"end":{"line":127,"column":50}},"59":{"start":{"line":129,"column":28},"end":{"line":133,"column":35}},"60":{"start":{"line":135,"column":4},"end":{"line":137,"column":5}},"61":{"start":{"line":136,"column":6},"end":{"line":136,"column":65}},"62":{"start":{"line":139,"column":19},"end":{"line":143,"column":35}},"63":{"start":{"line":144,"column":2},"end":{"line":148,"column":3}},"64":{"start":{"line":145,"column":4},"end":{"line":145,"column":27}},"65":{"start":{"line":147,"column":4},"end":{"line":147,"column":94}},"66":{"start":{"line":150,"column":2},"end":{"line":150,"column":49}},"67":{"start":{"line":154,"column":0},"end":{"line":161,"column":2}}},"fnMap":{"0":{"name":"(anonymous_0)","decl":{"start":{"line":18,"column":26},"end":{"line":18,"column":27}},"loc":{"start":{"line":18,"column":46},"end":{"line":29,"column":1}},"line":18},"1":{"name":"(anonymous_1)","decl":{"start":{"line":21,"column":26},"end":{"line":21,"column":27}},"loc":{"start":{"line":21,"column":37},"end":{"line":25,"column":5}},"line":21},"2":{"name":"(anonymous_2)","decl":{"start":{"line":31,"column":29},"end":{"line":31,"column":30}},"loc":{"start":{"line":31,"column":49},"end":{"line":47,"column":1}},"line":31},"3":{"name":"(anonymous_3)","decl":{"start":{"line":39,"column":26},"end":{"line":39,"column":27}},"loc":{"start":{"line":39,"column":37},"end":{"line":43,"column":5}},"line":39},"4":{"name":"(anonymous_4)","decl":{"start":{"line":49,"column":44},"end":{"line":49,"column":45}},"loc":{"start":{"line":49,"column":64},"end":{"line":65,"column":1}},"line":49},"5":{"name":"(anonymous_5)","decl":{"start":{"line":57,"column":26},"end":{"line":57,"column":27}},"loc":{"start":{"line":57,"column":37},"end":{"line":61,"column":5}},"line":57},"6":{"name":"(anonymous_6)","decl":{"start":{"line":67,"column":24},"end":{"line":67,"column":25}},"loc":{"start":{"line":67,"column":44},"end":{"line":93,"column":1}},"line":67},"7":{"name":"(anonymous_7)","decl":{"start":{"line":95,"column":26},"end":{"line":95,"column":27}},"loc":{"start":{"line":95,"column":46},"end":{"line":123,"column":1}},"line":95},"8":{"name":"(anonymous_8)","decl":{"start":{"line":125,"column":26},"end":{"line":125,"column":27}},"loc":{"start":{"line":125,"column":46},"end":{"line":152,"column":1}},"line":125}},"branchMap":{"0":{"loc":{"start":{"line":71,"column":2},"end":{"line":74,"column":3}},"type":"if","locations":[{"start":{"line":71,"column":2},"end":{"line":74,"column":3}},{"start":{},"end":{}}],"line":71},"1":{"loc":{"start":{"line":85,"column":2},"end":{"line":89,"column":3}},"type":"if","locations":[{"start":{"line":85,"column":2},"end":{"line":89,"column":3}},{"start":{"line":87,"column":9},"end":{"line":89,"column":3}}],"line":85},"2":{"loc":{"start":{"line":88,"column":25},"end":{"line":88,"column":92}},"type":"binary-expr","locations":[{"start":{"line":88,"column":25},"end":{"line":88,"column":39}},{"start":{"line":88,"column":43},"end":{"line":88,"column":92}}],"line":88},"3":{"loc":{"start":{"line":99,"column":4},"end":{"line":102,"column":5}},"type":"if","locations":[{"start":{"line":99,"column":4},"end":{"line":102,"column":5}},{"start":{},"end":{}}],"line":99},"4":{"loc":{"start":{"line":115,"column":2},"end":{"line":119,"column":3}},"type":"if","locations":[{"start":{"line":115,"column":2},"end":{"line":119,"column":3}},{"start":{"line":117,"column":9},"end":{"line":119,"column":3}}],"line":115},"5":{"loc":{"start":{"line":118,"column":25},"end":{"line":118,"column":91}},"type":"binary-expr","locations":[{"start":{"line":118,"column":25},"end":{"line":118,"column":39}},{"start":{"line":118,"column":43},"end":{"line":118,"column":91}}],"line":118},"6":{"loc":{"start":{"line":135,"column":4},"end":{"line":137,"column":5}},"type":"if","locations":[{"start":{"line":135,"column":4},"end":{"line":137,"column":5}},{"start":{},"end":{}}],"line":135},"7":{"loc":{"start":{"line":144,"column":2},"end":{"line":148,"column":3}},"type":"if","locations":[{"start":{"line":144,"column":2},"end":{"line":148,"column":3}},{"start":{"line":146,"column":9},"end":{"line":148,"column":3}}],"line":144},"8":{"loc":{"start":{"line":147,"column":25},"end":{"line":147,"column":92}},"type":"binary-expr","locations":[{"start":{"line":147,"column":25},"end":{"line":147,"column":39}},{"start":{"line":147,"column":43},"end":{"line":147,"column":92}}],"line":147}},"s":{"0":1,"1":1,"2":1,"3":1,"4":1,"5":0,"6":0,"7":0,"8":0,"9":0,"10":0,"11":0,"12":1,"13":0,"14":0,"15":0,"16":0,"17":0,"18":0,"19":0,"20":0,"21":1,"22":0,"23":0,"24":0,"25":0,"26":0,"27":0,"28":0,"29":0,"30":1,"31":0,"32":0,"33":0,"34":0,"35":0,"36":0,"37":0,"38":0,"39":0,"40":0,"41":0,"42":0,"43":1,"44":0,"45":0,"46":0,"47":0,"48":0,"49":0,"50":0,"51":0,"52":0,"53":0,"54":0,"55":0,"56":1,"57":0,"58":0,"59":0,"60":0,"61":0,"62":0,"63":0,"64":0,"65":0,"66":0,"67":1},"f":{"0":0,"1":0,"2":0,"3":0,"4":0,"5":0,"6":0,"7":0,"8":0},"b":{"0":[0,0],"1":[0,0],"2":[0,0],"3":[0,0],"4":[0,0],"5":[0,0],"6":[0,0],"7":[0,0],"8":[0,0]},"_coverageSchema":"1a1c01bbd47fc00a2c39e90264f33305004495a9","hash":"4147ad5428c60a0e46edabc646703f98600aeaf7"}
,"C:\\xampp\\htdocs\\smart-recipe\\controllers\\recipes.js": {"path":"C:\\xampp\\htdocs\\smart-recipe\\controllers\\recipes.js","statementMap":{"0":{"start":{"line":1,"column":14},"end":{"line":1,"column":38}},"1":{"start":{"line":2,"column":17},"end":{"line":2,"column":44}},"2":{"start":{"line":3,"column":12},"end":{"line":3,"column":26}},"3":{"start":{"line":5,"column":23},"end":{"line":16,"column":1}},"4":{"start":{"line":6,"column":2},"end":{"line":15,"column":3}},"5":{"start":{"line":7,"column":19},"end":{"line":7,"column":79}},"6":{"start":{"line":8,"column":4},"end":{"line":12,"column":7}},"7":{"start":{"line":9,"column":6},"end":{"line":9,"column":56}},"8":{"start":{"line":10,"column":6},"end":{"line":10,"column":27}},"9":{"start":{"line":11,"column":6},"end":{"line":11,"column":22}},"10":{"start":{"line":14,"column":4},"end":{"line":14,"column":45}},"11":{"start":{"line":18,"column":26},"end":{"line":30,"column":1}},"12":{"start":{"line":19,"column":2},"end":{"line":29,"column":3}},"13":{"start":{"line":20,"column":21},"end":{"line":20,"column":48}},"14":{"start":{"line":21,"column":19},"end":{"line":21,"column":96}},"15":{"start":{"line":22,"column":4},"end":{"line":26,"column":7}},"16":{"start":{"line":23,"column":6},"end":{"line":23,"column":56}},"17":{"start":{"line":24,"column":6},"end":{"line":24,"column":27}},"18":{"start":{"line":25,"column":6},"end":{"line":25,"column":25}},"19":{"start":{"line":28,"column":4},"end":{"line":28,"column":45}},"20":{"start":{"line":32,"column":42},"end":{"line":48,"column":1}},"21":{"start":{"line":33,"column":2},"end":{"line":47,"column":3}},"22":{"start":{"line":34,"column":24},"end":{"line":34,"column":47}},"23":{"start":{"line":35,"column":19},"end":{"line":39,"column":42}},"24":{"start":{"line":40,"column":4},"end":{"line":44,"column":7}},"25":{"start":{"line":41,"column":6},"end":{"line":41,"column":56}},"26":{"start":{"line":42,"column":6},"end":{"line":42,"column":27}},"27":{"start":{"line":43,"column":6},"end":{"line":43,"column":25}},"28":{"start":{"line":46,"column":4},"end":{"line":46,"column":45}},"29":{"start":{"line":50,"column":21},"end":{"line":69,"column":1}},"30":{"start":{"line":51,"column":2},"end":{"line":51,"column":24}},"31":{"start":{"line":53,"column":15},"end":{"line":61,"column":3}},"32":{"start":{"line":63,"column":19},"end":{"line":63,"column":88}},"33":{"start":{"line":64,"column":2},"end":{"line":68,"column":3}},"34":{"start":{"line":65,"column":4},"end":{"line":65,"column":35}},"35":{"start":{"line":67,"column":4},"end":{"line":67,"column":94}},"36":{"start":{"line":71,"column":23},"end":{"line":92,"column":1}},"37":{"start":{"line":72,"column":19},"end":{"line":72,"column":46}},"38":{"start":{"line":73,"column":15},"end":{"line":81,"column":3}},"39":{"start":{"line":82,"column":19},"end":{"line":86,"column":40}},"40":{"start":{"line":87,"column":2},"end":{"line":91,"column":3}},"41":{"start":{"line":88,"column":4},"end":{"line":88,"column":27}},"42":{"start":{"line":90,"column":4},"end":{"line":90,"column":93}},"43":{"start":{"line":94,"column":23},"end":{"line":106,"column":1}},"44":{"start":{"line":95,"column":19},"end":{"line":95,"column":46}},"45":{"start":{"line":96,"column":19},"end":{"line":100,"column":33}},"46":{"start":{"line":101,"column":2},"end":{"line":105,"column":3}},"47":{"start":{"line":102,"column":4},"end":{"line":102,"column":27}},"48":{"start":{"line":104,"column":4},"end":{"line":104,"column":94}},"49":{"start":{"line":108,"column":0},"end":{"line":115,"column":2}}},"fnMap":{"0":{"name":"(anonymous_0)","decl":{"start":{"line":5,"column":23},"end":{"line":5,"column":24}},"loc":{"start":{"line":5,"column":43},"end":{"line":16,"column":1}},"line":5},"1":{"name":"(anonymous_1)","decl":{"start":{"line":8,"column":26},"end":{"line":8,"column":27}},"loc":{"start":{"line":8,"column":37},"end":{"line":12,"column":5}},"line":8},"2":{"name":"(anonymous_2)","decl":{"start":{"line":18,"column":26},"end":{"line":18,"column":27}},"loc":{"start":{"line":18,"column":46},"end":{"line":30,"column":1}},"line":18},"3":{"name":"(anonymous_3)","decl":{"start":{"line":22,"column":26},"end":{"line":22,"column":27}},"loc":{"start":{"line":22,"column":37},"end":{"line":26,"column":5}},"line":22},"4":{"name":"(anonymous_4)","decl":{"start":{"line":32,"column":42},"end":{"line":32,"column":43}},"loc":{"start":{"line":32,"column":62},"end":{"line":48,"column":1}},"line":32},"5":{"name":"(anonymous_5)","decl":{"start":{"line":40,"column":26},"end":{"line":40,"column":27}},"loc":{"start":{"line":40,"column":37},"end":{"line":44,"column":5}},"line":40},"6":{"name":"(anonymous_6)","decl":{"start":{"line":50,"column":21},"end":{"line":50,"column":22}},"loc":{"start":{"line":50,"column":41},"end":{"line":69,"column":1}},"line":50},"7":{"name":"(anonymous_7)","decl":{"start":{"line":71,"column":23},"end":{"line":71,"column":24}},"loc":{"start":{"line":71,"column":43},"end":{"line":92,"column":1}},"line":71},"8":{"name":"(anonymous_8)","decl":{"start":{"line":94,"column":23},"end":{"line":94,"column":24}},"loc":{"start":{"line":94,"column":43},"end":{"line":106,"column":1}},"line":94}},"branchMap":{"0":{"loc":{"start":{"line":64,"column":2},"end":{"line":68,"column":3}},"type":"if","locations":[{"start":{"line":64,"column":2},"end":{"line":68,"column":3}},{"start":{"line":66,"column":9},"end":{"line":68,"column":3}}],"line":64},"1":{"loc":{"start":{"line":67,"column":25},"end":{"line":67,"column":92}},"type":"binary-expr","locations":[{"start":{"line":67,"column":25},"end":{"line":67,"column":39}},{"start":{"line":67,"column":43},"end":{"line":67,"column":92}}],"line":67},"2":{"loc":{"start":{"line":87,"column":2},"end":{"line":91,"column":3}},"type":"if","locations":[{"start":{"line":87,"column":2},"end":{"line":91,"column":3}},{"start":{"line":89,"column":9},"end":{"line":91,"column":3}}],"line":87},"3":{"loc":{"start":{"line":90,"column":25},"end":{"line":90,"column":91}},"type":"binary-expr","locations":[{"start":{"line":90,"column":25},"end":{"line":90,"column":39}},{"start":{"line":90,"column":43},"end":{"line":90,"column":91}}],"line":90},"4":{"loc":{"start":{"line":101,"column":2},"end":{"line":105,"column":3}},"type":"if","locations":[{"start":{"line":101,"column":2},"end":{"line":105,"column":3}},{"start":{"line":103,"column":9},"end":{"line":105,"column":3}}],"line":101},"5":{"loc":{"start":{"line":104,"column":25},"end":{"line":104,"column":92}},"type":"binary-expr","locations":[{"start":{"line":104,"column":25},"end":{"line":104,"column":39}},{"start":{"line":104,"column":43},"end":{"line":104,"column":92}}],"line":104}},"s":{"0":1,"1":1,"2":1,"3":1,"4":0,"5":0,"6":0,"7":0,"8":0,"9":0,"10":0,"11":1,"12":0,"13":0,"14":0,"15":0,"16":0,"17":0,"18":0,"19":0,"20":1,"21":0,"22":0,"23":0,"24":0,"25":0,"26":0,"27":0,"28":0,"29":1,"30":0,"31":0,"32":0,"33":0,"34":0,"35":0,"36":1,"37":0,"38":0,"39":0,"40":0,"41":0,"42":0,"43":1,"44":0,"45":0,"46":0,"47":0,"48":0,"49":1},"f":{"0":0,"1":0,"2":0,"3":0,"4":0,"5":0,"6":0,"7":0,"8":0},"b":{"0":[0,0],"1":[0,0],"2":[0,0],"3":[0,0],"4":[0,0],"5":[0,0]},"_coverageSchema":"1a1c01bbd47fc00a2c39e90264f33305004495a9","hash":"06cfe95285d20e499a151224a071177c77f8b774"}
,"C:\\xampp\\htdocs\\smart-recipe\\controllers\\users.js": {"path":"C:\\xampp\\htdocs\\smart-recipe\\controllers\\users.js","statementMap":{"0":{"start":{"line":1,"column":14},"end":{"line":1,"column":38}},"1":{"start":{"line":2,"column":17},"end":{"line":2,"column":44}},"2":{"start":{"line":3,"column":12},"end":{"line":3,"column":26}},"3":{"start":{"line":5,"column":21},"end":{"line":16,"column":1}},"4":{"start":{"line":6,"column":2},"end":{"line":15,"column":3}},"5":{"start":{"line":7,"column":19},"end":{"line":7,"column":77}},"6":{"start":{"line":8,"column":4},"end":{"line":12,"column":7}},"7":{"start":{"line":9,"column":6},"end":{"line":9,"column":56}},"8":{"start":{"line":10,"column":6},"end":{"line":10,"column":27}},"9":{"start":{"line":11,"column":6},"end":{"line":11,"column":22}},"10":{"start":{"line":14,"column":4},"end":{"line":14,"column":45}},"11":{"start":{"line":18,"column":24},"end":{"line":30,"column":1}},"12":{"start":{"line":19,"column":2},"end":{"line":29,"column":3}},"13":{"start":{"line":20,"column":19},"end":{"line":20,"column":46}},"14":{"start":{"line":21,"column":19},"end":{"line":21,"column":92}},"15":{"start":{"line":22,"column":4},"end":{"line":26,"column":7}},"16":{"start":{"line":23,"column":6},"end":{"line":23,"column":56}},"17":{"start":{"line":24,"column":6},"end":{"line":24,"column":27}},"18":{"start":{"line":25,"column":6},"end":{"line":25,"column":25}},"19":{"start":{"line":28,"column":4},"end":{"line":28,"column":45}},"20":{"start":{"line":32,"column":19},"end":{"line":49,"column":1}},"21":{"start":{"line":33,"column":2},"end":{"line":33,"column":24}},"22":{"start":{"line":35,"column":15},"end":{"line":41,"column":3}},"23":{"start":{"line":43,"column":19},"end":{"line":43,"column":86}},"24":{"start":{"line":44,"column":2},"end":{"line":48,"column":3}},"25":{"start":{"line":45,"column":4},"end":{"line":45,"column":35}},"26":{"start":{"line":47,"column":4},"end":{"line":47,"column":94}},"27":{"start":{"line":51,"column":21},"end":{"line":70,"column":1}},"28":{"start":{"line":52,"column":17},"end":{"line":52,"column":44}},"29":{"start":{"line":53,"column":15},"end":{"line":59,"column":3}},"30":{"start":{"line":60,"column":19},"end":{"line":64,"column":38}},"31":{"start":{"line":65,"column":2},"end":{"line":69,"column":3}},"32":{"start":{"line":66,"column":4},"end":{"line":66,"column":27}},"33":{"start":{"line":68,"column":4},"end":{"line":68,"column":93}},"34":{"start":{"line":72,"column":21},"end":{"line":80,"column":1}},"35":{"start":{"line":73,"column":17},"end":{"line":73,"column":44}},"36":{"start":{"line":74,"column":19},"end":{"line":74,"column":97}},"37":{"start":{"line":75,"column":2},"end":{"line":79,"column":3}},"38":{"start":{"line":76,"column":4},"end":{"line":76,"column":27}},"39":{"start":{"line":78,"column":4},"end":{"line":78,"column":94}},"40":{"start":{"line":82,"column":0},"end":{"line":88,"column":2}}},"fnMap":{"0":{"name":"(anonymous_0)","decl":{"start":{"line":5,"column":21},"end":{"line":5,"column":22}},"loc":{"start":{"line":5,"column":41},"end":{"line":16,"column":1}},"line":5},"1":{"name":"(anonymous_1)","decl":{"start":{"line":8,"column":26},"end":{"line":8,"column":27}},"loc":{"start":{"line":8,"column":37},"end":{"line":12,"column":5}},"line":8},"2":{"name":"(anonymous_2)","decl":{"start":{"line":18,"column":24},"end":{"line":18,"column":25}},"loc":{"start":{"line":18,"column":44},"end":{"line":30,"column":1}},"line":18},"3":{"name":"(anonymous_3)","decl":{"start":{"line":22,"column":26},"end":{"line":22,"column":27}},"loc":{"start":{"line":22,"column":37},"end":{"line":26,"column":5}},"line":22},"4":{"name":"(anonymous_4)","decl":{"start":{"line":32,"column":19},"end":{"line":32,"column":20}},"loc":{"start":{"line":32,"column":39},"end":{"line":49,"column":1}},"line":32},"5":{"name":"(anonymous_5)","decl":{"start":{"line":51,"column":21},"end":{"line":51,"column":22}},"loc":{"start":{"line":51,"column":41},"end":{"line":70,"column":1}},"line":51},"6":{"name":"(anonymous_6)","decl":{"start":{"line":72,"column":21},"end":{"line":72,"column":22}},"loc":{"start":{"line":72,"column":41},"end":{"line":80,"column":1}},"line":72}},"branchMap":{"0":{"loc":{"start":{"line":44,"column":2},"end":{"line":48,"column":3}},"type":"if","locations":[{"start":{"line":44,"column":2},"end":{"line":48,"column":3}},{"start":{"line":46,"column":9},"end":{"line":48,"column":3}}],"line":44},"1":{"loc":{"start":{"line":47,"column":25},"end":{"line":47,"column":92}},"type":"binary-expr","locations":[{"start":{"line":47,"column":25},"end":{"line":47,"column":39}},{"start":{"line":47,"column":43},"end":{"line":47,"column":92}}],"line":47},"2":{"loc":{"start":{"line":65,"column":2},"end":{"line":69,"column":3}},"type":"if","locations":[{"start":{"line":65,"column":2},"end":{"line":69,"column":3}},{"start":{"line":67,"column":9},"end":{"line":69,"column":3}}],"line":65},"3":{"loc":{"start":{"line":68,"column":25},"end":{"line":68,"column":91}},"type":"binary-expr","locations":[{"start":{"line":68,"column":25},"end":{"line":68,"column":39}},{"start":{"line":68,"column":43},"end":{"line":68,"column":91}}],"line":68},"4":{"loc":{"start":{"line":75,"column":2},"end":{"line":79,"column":3}},"type":"if","locations":[{"start":{"line":75,"column":2},"end":{"line":79,"column":3}},{"start":{"line":77,"column":9},"end":{"line":79,"column":3}}],"line":75},"5":{"loc":{"start":{"line":78,"column":25},"end":{"line":78,"column":92}},"type":"binary-expr","locations":[{"start":{"line":78,"column":25},"end":{"line":78,"column":39}},{"start":{"line":78,"column":43},"end":{"line":78,"column":92}}],"line":78}},"s":{"0":1,"1":1,"2":1,"3":1,"4":0,"5":0,"6":0,"7":0,"8":0,"9":0,"10":0,"11":1,"12":0,"13":0,"14":0,"15":0,"16":0,"17":0,"18":0,"19":0,"20":1,"21":0,"22":0,"23":0,"24":0,"25":0,"26":0,"27":1,"28":0,"29":0,"30":0,"31":0,"32":0,"33":0,"34":1,"35":0,"36":0,"37":0,"38":0,"39":0,"40":1},"f":{"0":0,"1":0,"2":0,"3":0,"4":0,"5":0,"6":0},"b":{"0":[0,0],"1":[0,0],"2":[0,0],"3":[0,0],"4":[0,0],"5":[0,0]},"_coverageSchema":"1a1c01bbd47fc00a2c39e90264f33305004495a9","hash":"1c66a5b43acea826bcab446d9d04b95272acf5b5"}
,"C:\\xampp\\htdocs\\smart-recipe\\db\\connect.js": {"path":"C:\\xampp\\htdocs\\smart-recipe\\db\\connect.js","statementMap":{"0":{"start":{"line":34,"column":15},"end":{"line":34,"column":32}},"1":{"start":{"line":35,"column":0},"end":{"line":35,"column":16}},"2":{"start":{"line":36,"column":22},"end":{"line":36,"column":40}},"3":{"start":{"line":38,"column":12},"end":{"line":38,"column":44}},"4":{"start":{"line":39,"column":16},"end":{"line":39,"column":36}},"5":{"start":{"line":43,"column":15},"end":{"line":56,"column":1}},"6":{"start":{"line":44,"column":2},"end":{"line":47,"column":3}},"7":{"start":{"line":46,"column":4},"end":{"line":46,"column":31}},"8":{"start":{"line":48,"column":2},"end":{"line":55,"column":7}},"9":{"start":{"line":50,"column":6},"end":{"line":50,"column":19}},"10":{"start":{"line":51,"column":6},"end":{"line":51,"column":26}},"11":{"start":{"line":54,"column":6},"end":{"line":54,"column":20}},"12":{"start":{"line":58,"column":19},"end":{"line":63,"column":1}},"13":{"start":{"line":59,"column":2},"end":{"line":61,"column":3}},"14":{"start":{"line":60,"column":4},"end":{"line":60,"column":38}},"15":{"start":{"line":62,"column":2},"end":{"line":62,"column":13}},"16":{"start":{"line":65,"column":13},"end":{"line":77,"column":1}},"17":{"start":{"line":66,"column":1},"end":{"line":76,"column":5}},"18":{"start":{"line":67,"column":8},"end":{"line":67,"column":32}},"19":{"start":{"line":68,"column":8},"end":{"line":68,"column":37}},"20":{"start":{"line":71,"column":8},"end":{"line":71,"column":25}},"21":{"start":{"line":74,"column":8},"end":{"line":74,"column":30}},"22":{"start":{"line":79,"column":22},"end":{"line":84,"column":1}},"23":{"start":{"line":80,"column":4},"end":{"line":80,"column":62}},"24":{"start":{"line":83,"column":4},"end":{"line":83,"column":72}},"25":{"start":{"line":83,"column":42},"end":{"line":83,"column":70}},"26":{"start":{"line":86,"column":0},"end":{"line":91,"column":3}}},"fnMap":{"0":{"name":"(anonymous_0)","decl":{"start":{"line":43,"column":15},"end":{"line":43,"column":16}},"loc":{"start":{"line":43,"column":29},"end":{"line":56,"column":1}},"line":43},"1":{"name":"(anonymous_1)","decl":{"start":{"line":49,"column":10},"end":{"line":49,"column":11}},"loc":{"start":{"line":49,"column":22},"end":{"line":52,"column":5}},"line":49},"2":{"name":"(anonymous_2)","decl":{"start":{"line":53,"column":11},"end":{"line":53,"column":12}},"loc":{"start":{"line":53,"column":20},"end":{"line":55,"column":5}},"line":53},"3":{"name":"(anonymous_3)","decl":{"start":{"line":58,"column":19},"end":{"line":58,"column":20}},"loc":{"start":{"line":58,"column":25},"end":{"line":63,"column":1}},"line":58},"4":{"name":"(anonymous_4)","decl":{"start":{"line":65,"column":13},"end":{"line":65,"column":14}},"loc":{"start":{"line":65,"column":31},"end":{"line":77,"column":1}},"line":65},"5":{"name":"(anonymous_5)","decl":{"start":{"line":79,"column":22},"end":{"line":79,"column":23}},"loc":{"start":{"line":79,"column":45},"end":{"line":84,"column":1}},"line":79},"6":{"name":"(anonymous_6)","decl":{"start":{"line":83,"column":36},"end":{"line":83,"column":37}},"loc":{"start":{"line":83,"column":42},"end":{"line":83,"column":70}},"line":83}},"branchMap":{"0":{"loc":{"start":{"line":44,"column":2},"end":{"line":47,"column":3}},"type":"if","locations":[{"start":{"line":44,"column":2},"end":{"line":47,"column":3}},{"start":{},"end":{}}],"line":44},"1":{"loc":{"start":{"line":59,"column":2},"end":{"line":61,"column":3}},"type":"if","locations":[{"start":{"line":59,"column":2},"end":{"line":61,"column":3}},{"start":{},"end":{}}],"line":59}},"s":{"0":1,"1":1,"2":1,"3":1,"4":1,"5":1,"6":1,"7":0,"8":1,"9":0,"10":0,"11":0,"12":1,"13":0,"14":0,"15":0,"16":1,"17":0,"18":0,"19":0,"20":0,"21":0,"22":1,"23":0,"24":0,"25":0,"26":1},"f":{"0":1,"1":0,"2":0,"3":0,"4":0,"5":0,"6":0},"b":{"0":[0,1],"1":[0,0]},"_coverageSchema":"1a1c01bbd47fc00a2c39e90264f33305004495a9","hash":"1e319271017a5cd2a28f9b024f17f83bc65d5b8c"}
,"C:\\xampp\\htdocs\\smart-recipe\\helpers\\authenticate.js": {"path":"C:\\xampp\\htdocs\\smart-recipe\\helpers\\authenticate.js","statementMap":{"0":{"start":{"line":1,"column":24},"end":{"line":6,"column":1}},"1":{"start":{"line":2,"column":2},"end":{"line":4,"column":3}},"2":{"start":{"line":3,"column":4},"end":{"line":3,"column":59}},"3":{"start":{"line":5,"column":2},"end":{"line":5,"column":9}},"4":{"start":{"line":8,"column":0},"end":{"line":10,"column":2}}},"fnMap":{"0":{"name":"(anonymous_0)","decl":{"start":{"line":1,"column":24},"end":{"line":1,"column":25}},"loc":{"start":{"line":1,"column":44},"end":{"line":6,"column":1}},"line":1}},"branchMap":{"0":{"loc":{"start":{"line":2,"column":2},"end":{"line":4,"column":3}},"type":"if","locations":[{"start":{"line":2,"column":2},"end":{"line":4,"column":3}},{"start":{},"end":{}}],"line":2}},"s":{"0":1,"1":0,"2":0,"3":0,"4":1},"f":{"0":0},"b":{"0":[0,0]},"_coverageSchema":"1a1c01bbd47fc00a2c39e90264f33305004495a9","hash":"31ff2595ad486a9e9bdbd72e66ce699d828cffc5"}
,"C:\\xampp\\htdocs\\smart-recipe\\routes\\index.js": {"path":"C:\\xampp\\htdocs\\smart-recipe\\routes\\index.js","statementMap":{"0":{"start":{"line":1,"column":16},"end":{"line":1,"column":34}},"1":{"start":{"line":2,"column":15},"end":{"line":2,"column":31}},"2":{"start":{"line":3,"column":17},"end":{"line":3,"column":36}},"3":{"start":{"line":5,"column":0},"end":{"line":5,"column":41}},"4":{"start":{"line":6,"column":0},"end":{"line":6,"column":45}},"5":{"start":{"line":7,"column":0},"end":{"line":7,"column":53}},"6":{"start":{"line":8,"column":0},"end":{"line":8,"column":51}},"7":{"start":{"line":10,"column":0},"end":{"line":10,"column":38}},"8":{"start":{"line":12,"column":0},"end":{"line":12,"column":72}},"9":{"start":{"line":14,"column":0},"end":{"line":21,"column":3}},"10":{"start":{"line":15,"column":2},"end":{"line":20,"column":5}},"11":{"start":{"line":16,"column":4},"end":{"line":18,"column":5}},"12":{"start":{"line":17,"column":6},"end":{"line":17,"column":23}},"13":{"start":{"line":19,"column":4},"end":{"line":19,"column":22}},"14":{"start":{"line":23,"column":0},"end":{"line":23,"column":24}}},"fnMap":{"0":{"name":"(anonymous_0)","decl":{"start":{"line":12,"column":54},"end":{"line":12,"column":55}},"loc":{"start":{"line":12,"column":68},"end":{"line":12,"column":70}},"line":12},"1":{"name":"(anonymous_1)","decl":{"start":{"line":14,"column":22},"end":{"line":14,"column":23}},"loc":{"start":{"line":14,"column":48},"end":{"line":21,"column":1}},"line":14},"2":{"name":"(anonymous_2)","decl":{"start":{"line":15,"column":13},"end":{"line":15,"column":14}},"loc":{"start":{"line":15,"column":28},"end":{"line":20,"column":3}},"line":15}},"branchMap":{"0":{"loc":{"start":{"line":16,"column":4},"end":{"line":18,"column":5}},"type":"if","locations":[{"start":{"line":16,"column":4},"end":{"line":18,"column":5}},{"start":{},"end":{}}],"line":16}},"s":{"0":1,"1":1,"2":1,"3":1,"4":1,"5":1,"6":1,"7":1,"8":1,"9":1,"10":0,"11":0,"12":0,"13":0,"14":1},"f":{"0":0,"1":0,"2":0},"b":{"0":[0,0]},"_coverageSchema":"1a1c01bbd47fc00a2c39e90264f33305004495a9","hash":"d0d7d8cbacfb2460eb1478fe3504a522cb6480e4"}
,"C:\\xampp\\htdocs\\smart-recipe\\routes\\ingredients.js": {"path":"C:\\xampp\\htdocs\\smart-recipe\\routes\\ingredients.js","statementMap":{"0":{"start":{"line":1,"column":16},"end":{"line":1,"column":34}},"1":{"start":{"line":2,"column":15},"end":{"line":2,"column":31}},"2":{"start":{"line":3,"column":29},"end":{"line":3,"column":66}},"3":{"start":{"line":4,"column":28},"end":{"line":4,"column":62}},"4":{"start":{"line":6,"column":0},"end":{"line":6,"column":74}},"5":{"start":{"line":7,"column":0},"end":{"line":7,"column":80}},"6":{"start":{"line":8,"column":0},"end":{"line":12,"column":2}},"7":{"start":{"line":13,"column":0},"end":{"line":13,"column":73}},"8":{"start":{"line":14,"column":0},"end":{"line":14,"column":77}},"9":{"start":{"line":15,"column":0},"end":{"line":15,"column":80}},"10":{"start":{"line":17,"column":0},"end":{"line":17,"column":24}}},"fnMap":{},"branchMap":{},"s":{"0":1,"1":1,"2":1,"3":1,"4":1,"5":1,"6":1,"7":1,"8":1,"9":1,"10":1},"f":{},"b":{},"_coverageSchema":"1a1c01bbd47fc00a2c39e90264f33305004495a9","hash":"3129d8f8cea284423286232c36494d6bc9806674"}
,"C:\\xampp\\htdocs\\smart-recipe\\routes\\meal_plans.js": {"path":"C:\\xampp\\htdocs\\smart-recipe\\routes\\meal_plans.js","statementMap":{"0":{"start":{"line":1,"column":16},"end":{"line":1,"column":34}},"1":{"start":{"line":2,"column":15},"end":{"line":2,"column":31}},"2":{"start":{"line":3,"column":28},"end":{"line":3,"column":64}},"3":{"start":{"line":4,"column":28},"end":{"line":4,"column":62}},"4":{"start":{"line":6,"column":0},"end":{"line":6,"column":72}},"5":{"start":{"line":7,"column":0},"end":{"line":7,"column":78}},"6":{"start":{"line":8,"column":0},"end":{"line":8,"column":97}},"7":{"start":{"line":9,"column":0},"end":{"line":9,"column":71}},"8":{"start":{"line":10,"column":0},"end":{"line":10,"column":75}},"9":{"start":{"line":11,"column":0},"end":{"line":11,"column":78}},"10":{"start":{"line":13,"column":0},"end":{"line":13,"column":24}}},"fnMap":{},"branchMap":{},"s":{"0":1,"1":1,"2":1,"3":1,"4":1,"5":1,"6":1,"7":1,"8":1,"9":1,"10":1},"f":{},"b":{},"_coverageSchema":"1a1c01bbd47fc00a2c39e90264f33305004495a9","hash":"0c2cab72e9b87a5eed5fe941aa492d94f98bb1c6"}
,"C:\\xampp\\htdocs\\smart-recipe\\routes\\recipes.js": {"path":"C:\\xampp\\htdocs\\smart-recipe\\routes\\recipes.js","statementMap":{"0":{"start":{"line":1,"column":16},"end":{"line":1,"column":34}},"1":{"start":{"line":2,"column":15},"end":{"line":2,"column":31}},"2":{"start":{"line":3,"column":25},"end":{"line":3,"column":58}},"3":{"start":{"line":4,"column":28},"end":{"line":4,"column":62}},"4":{"start":{"line":6,"column":0},"end":{"line":6,"column":66}},"5":{"start":{"line":7,"column":0},"end":{"line":7,"column":72}},"6":{"start":{"line":8,"column":0},"end":{"line":8,"column":98}},"7":{"start":{"line":9,"column":0},"end":{"line":9,"column":65}},"8":{"start":{"line":10,"column":0},"end":{"line":10,"column":69}},"9":{"start":{"line":11,"column":0},"end":{"line":11,"column":72}},"10":{"start":{"line":13,"column":0},"end":{"line":13,"column":24}}},"fnMap":{},"branchMap":{},"s":{"0":1,"1":1,"2":1,"3":1,"4":1,"5":1,"6":1,"7":1,"8":1,"9":1,"10":1},"f":{},"b":{},"_coverageSchema":"1a1c01bbd47fc00a2c39e90264f33305004495a9","hash":"5fd623ba9504ee117afc22cf595c6c3d0bdedd2a"}
,"C:\\xampp\\htdocs\\smart-recipe\\routes\\swagger.js": {"path":"C:\\xampp\\htdocs\\smart-recipe\\routes\\swagger.js","statementMap":{"0":{"start":{"line":1,"column":15},"end":{"line":1,"column":42}},"1":{"start":{"line":2,"column":18},"end":{"line":2,"column":47}},"2":{"start":{"line":3,"column":24},"end":{"line":3,"column":57}},"3":{"start":{"line":5,"column":0},"end":{"line":5,"column":41}},"4":{"start":{"line":6,"column":0},"end":{"line":6,"column":58}},"5":{"start":{"line":13,"column":0},"end":{"line":13,"column":24}}},"fnMap":{},"branchMap":{},"s":{"0":1,"1":1,"2":1,"3":1,"4":1,"5":1},"f":{},"b":{},"_coverageSchema":"1a1c01bbd47fc00a2c39e90264f33305004495a9","hash":"77c609b2fa77bd464c7a36392860d8a578cb11ca"}
,"C:\\xampp\\htdocs\\smart-recipe\\routes\\users.js": {"path":"C:\\xampp\\htdocs\\smart-recipe\\routes\\users.js","statementMap":{"0":{"start":{"line":1,"column":16},"end":{"line":1,"column":34}},"1":{"start":{"line":2,"column":15},"end":{"line":2,"column":31}},"2":{"start":{"line":3,"column":23},"end":{"line":3,"column":54}},"3":{"start":{"line":4,"column":28},"end":{"line":4,"column":62}},"4":{"start":{"line":6,"column":0},"end":{"line":6,"column":62}},"5":{"start":{"line":7,"column":0},"end":{"line":7,"column":68}},"6":{"start":{"line":8,"column":0},"end":{"line":8,"column":61}},"7":{"start":{"line":9,"column":0},"end":{"line":9,"column":65}},"8":{"start":{"line":10,"column":0},"end":{"line":10,"column":68}},"9":{"start":{"line":12,"column":0},"end":{"line":12,"column":24}}},"fnMap":{},"branchMap":{},"s":{"0":1,"1":1,"2":1,"3":1,"4":1,"5":1,"6":1,"7":1,"8":1,"9":1},"f":{},"b":{},"_coverageSchema":"1a1c01bbd47fc00a2c39e90264f33305004495a9","hash":"10d89f7431caa948dc09851c65db2c369eb40384"}
}
